<?xml version="1.0" encoding="UTF-8" standalone="yes"?>
<testsuites name="Add New Template Variable" time="106" tests="5" failures="0" errors="0">
    <testsuite name="Add New Template Variable" tests="5" failures="0" errors="0" time="106" timestamp="2019-08-15 09:27:05" hostname="gansat - NOTEEG-12802.nexus.local" id="Test Suites/Template Variable/Add New Template Variable">
        <properties>
            <property name="deviceName" value=""/>
            <property name="devicePlatform" value=""/>
            <property name="logFolder" value="C:\\Users\\GANSAT\\Katalon Studio\\Adzu\\Reports\\20190815_092701\\Template Variable\\Add New Template Variable\\20190815_092701"/>
            <property name="logFiles" value="C:\\Users\\GANSAT\\Katalon Studio\\Adzu\\Reports\\20190815_092701\\Template Variable\\Add New Template Variable\\20190815_092701\\execution0.log"/>
            <property name="attachments" value=""/>
            <property name="hostName" value="gansat - NOTEEG-12802.nexus.local"/>
            <property name="os" value="Windows 10 64bit"/>
            <property name="katalonVersion" value="6.3.2.4"/>
            <property name="browser" value="Chrome 76.0.3809.100"/>
            <property name="hostAddress" value="10.142.156.58"/>
            <property name="sessionId" value="3e353b1d405969f4e9192e880e67d296"/>
            <property name="seleniumVersion" value="3.141.59"/>
            <property name="proxyInformation" value="ProxyInformation{proxyOption=NO_PROXY, proxyServerType=HTTP, password=, proxyServerAddress=, proxyServerPort=0}"/>
            <property name="platform" value="Windows 10"/>
        </properties>
        <testcase name="Test Cases/Application - Login/Login - STA" classname="Test Cases/Application - Login/Login - STA" status="PASSED">
            <system-out>2019-08-15 09:27:06 - [TEST_CASE][PASSED] - Test Cases/Application - Login/Login - STA: Test Cases/Application - Login/Login - STA&#xD;
&#xD;
2019-08-15 09:27:07 - [TEST_STEP][PASSED] - openBrowser(""): Browser is opened with url: ''&#xD;
&#xD;
2019-08-15 09:27:08 - [MESSAGE][INFO] - Starting 'Chrome' driver&#xD;
&#xD;
2019-08-15 09:27:08 - [MESSAGE][INFO] - Action delay is set to 1 seconds&#xD;
&#xD;
2019-08-15 09:27:17 - [MESSAGE][PASSED] - Browser is opened with url: ''&#xD;
&#xD;
2019-08-15 09:27:17 - [TEST_STEP][PASSED] - navigateToUrl("https://bt.adzu4-staging.codeworldwide.com/#Admin/Materials/Templates"): Navigate to 'https://bt.adzu4-staging.codeworldwide.com/#Admin/Materials/Templates' successfully&#xD;
&#xD;
2019-08-15 09:27:19 - [MESSAGE][PASSED] - Navigate to 'https://bt.adzu4-staging.codeworldwide.com/#Admin/Materials/Templates' successfully&#xD;
&#xD;
2019-08-15 09:27:19 - [TEST_STEP][PASSED] - setText(findTestObject("Login/login_username"), "satinder.gandhi@codeworldwide.com"): Text 'satinder.gandhi@codeworldwide.com' is set on object 'Object Repository/Login/login_username'&#xD;
&#xD;
2019-08-15 09:27:26 - [MESSAGE][PASSED] - Text 'satinder.gandhi@codeworldwide.com' is set on object 'Object Repository/Login/login_username'&#xD;
&#xD;
2019-08-15 09:27:26 - [TEST_STEP][PASSED] - setEncryptedText(findTestObject("Login/login_password"), "yfq/9fVkW5+QvfzWq38qvg=="): Text ****** has been set on object 'Object Repository/Login/login_password'&#xD;
&#xD;
2019-08-15 09:27:30 - [MESSAGE][PASSED] - Text ****** has been set on object 'Object Repository/Login/login_password'&#xD;
&#xD;
2019-08-15 09:27:30 - [TEST_STEP][PASSED] - click(findTestObject("Object Repository/Test1/button_Login")): Object: 'Object Repository/Test1/button_Login' is clicked on&#xD;
&#xD;
2019-08-15 09:27:33 - [MESSAGE][PASSED] - Object: 'Object Repository/Test1/button_Login' is clicked on&#xD;
&#xD;
2019-08-15 09:27:33 - [TEST_STEP][PASSED] - maximizeWindow(): Current window maximized&#xD;
&#xD;
2019-08-15 09:27:35 - [MESSAGE][PASSED] - Current window maximized&#xD;
&#xD;
2019-08-15 09:27:35 - [TEST_STEP][PASSED] - verifyElementText(findTestObject("Login/span_Satinder"), "Satinder"): Actual text and expected text of test object 'Object Repository/Login/span_Satinder' are matched.&#xD;
&#xD;
2019-08-15 09:27:37 - [MESSAGE][PASSED] - Actual text and expected text of test object 'Object Repository/Login/span_Satinder' are matched.</system-out>
            <system-err></system-err>
        </testcase>
        <testcase name="Test Cases/Template Variables/Open Material and Template" classname="Test Cases/Template Variables/Open Material and Template" status="PASSED">
            <system-out>2019-08-15 09:27:39 - [TEST_CASE][PASSED] - Test Cases/Template Variables/Open Material and Template: Test Cases/Template Variables/Open Material and Template&#xD;
&#xD;
2019-08-15 09:27:40 - [TEST_STEP][PASSED] - waitForElementVisible(findTestObject("Main Menu/Create Menu/a_Create"), 1): Object 'Object Repository/Main Menu/Create Menu/a_Create' is visible&#xD;
&#xD;
2019-08-15 09:27:42 - [MESSAGE][PASSED] - Object 'Object Repository/Main Menu/Create Menu/a_Create' is visible&#xD;
&#xD;
2019-08-15 09:27:42 - [TEST_STEP][PASSED] - click(findTestObject("Main Menu/Create Menu/a_Create")): Object: 'Object Repository/Main Menu/Create Menu/a_Create' is clicked on&#xD;
&#xD;
2019-08-15 09:27:45 - [MESSAGE][PASSED] - Object: 'Object Repository/Main Menu/Create Menu/a_Create' is clicked on&#xD;
&#xD;
2019-08-15 09:27:45 - [TEST_STEP][PASSED] - waitForPageLoad(0): Wait for page load successfully&#xD;
&#xD;
2019-08-15 09:27:45 - [MESSAGE][WARNING] - Timeout '0' is invalid. Using default page load timeout: '30'&#xD;
&#xD;
2019-08-15 09:27:46 - [MESSAGE][PASSED] - Wait for page load successfully&#xD;
&#xD;
2019-08-15 09:27:46 - [TEST_STEP][PASSED] - click(findTestObject("Main Menu/Create Menu/span_Materials  Templates")): Object: 'Object Repository/Main Menu/Create Menu/span_Materials  Templates' is clicked on&#xD;
&#xD;
2019-08-15 09:27:48 - [MESSAGE][PASSED] - Object: 'Object Repository/Main Menu/Create Menu/span_Materials  Templates' is clicked on&#xD;
&#xD;
2019-08-15 09:27:48 - [TEST_STEP][PASSED] - waitForPageLoad(0): Wait for page load successfully&#xD;
&#xD;
2019-08-15 09:27:48 - [MESSAGE][WARNING] - Timeout '0' is invalid. Using default page load timeout: '30'&#xD;
&#xD;
2019-08-15 09:27:49 - [MESSAGE][PASSED] - Wait for page load successfully</system-out>
            <system-err></system-err>
        </testcase>
        <testcase name="Test Cases/Template Variables/Open Template Variable" classname="Test Cases/Template Variables/Open Template Variable" status="PASSED">
            <system-out>2019-08-15 09:27:51 - [TEST_CASE][PASSED] - Test Cases/Template Variables/Open Template Variable: Test Cases/Template Variables/Open Template Variable&#xD;
&#xD;
2019-08-15 09:27:51 - [TEST_STEP][PASSED] - maximizeWindow(): Current window maximized&#xD;
&#xD;
2019-08-15 09:27:52 - [MESSAGE][PASSED] - Current window maximized&#xD;
&#xD;
2019-08-15 09:27:52 - [TEST_STEP][PASSED] - waitForPageLoad(10): Wait for page load successfully&#xD;
&#xD;
2019-08-15 09:27:53 - [MESSAGE][PASSED] - Wait for page load successfully&#xD;
&#xD;
2019-08-15 09:27:53 - [TEST_STEP][PASSED] - waitForElementVisible(findTestObject("Main Menu/Create Menu/a_Create"), 10): Object 'Object Repository/Main Menu/Create Menu/a_Create' is visible&#xD;
&#xD;
2019-08-15 09:27:56 - [MESSAGE][PASSED] - Object 'Object Repository/Main Menu/Create Menu/a_Create' is visible&#xD;
&#xD;
2019-08-15 09:27:56 - [TEST_STEP][PASSED] - click(findTestObject("Main Menu/Create Menu/a_Create")): Object: 'Object Repository/Main Menu/Create Menu/a_Create' is clicked on&#xD;
&#xD;
2019-08-15 09:27:58 - [MESSAGE][PASSED] - Object: 'Object Repository/Main Menu/Create Menu/a_Create' is clicked on&#xD;
&#xD;
2019-08-15 09:27:58 - [TEST_STEP][PASSED] - waitForPageLoad(0): Wait for page load successfully&#xD;
&#xD;
2019-08-15 09:27:58 - [MESSAGE][WARNING] - Timeout '0' is invalid. Using default page load timeout: '30'&#xD;
&#xD;
2019-08-15 09:27:59 - [MESSAGE][PASSED] - Wait for page load successfully&#xD;
&#xD;
2019-08-15 09:27:59 - [TEST_STEP][PASSED] - click(findTestObject("Main Menu/Create Menu/span_Materials  Templates")): Object: 'Object Repository/Main Menu/Create Menu/span_Materials  Templates' is clicked on&#xD;
&#xD;
2019-08-15 09:28:01 - [MESSAGE][PASSED] - Object: 'Object Repository/Main Menu/Create Menu/span_Materials  Templates' is clicked on&#xD;
&#xD;
2019-08-15 09:28:01 - [TEST_STEP][PASSED] - waitForPageLoad(0): Wait for page load successfully&#xD;
&#xD;
2019-08-15 09:28:01 - [MESSAGE][WARNING] - Timeout '0' is invalid. Using default page load timeout: '30'&#xD;
&#xD;
2019-08-15 09:28:02 - [MESSAGE][PASSED] - Wait for page load successfully</system-out>
            <system-err></system-err>
        </testcase>
        <testcase name="Test Cases/Template Variables/Save_template_variables" classname="Test Cases/Template Variables/Save_template_variables" status="PASSED">
            <system-out>2019-08-15 09:28:04 - [TEST_CASE][PASSED] - Test Cases/Template Variables/Save_template_variables: Test Cases/Template Variables/Save_template_variables&#xD;
&#xD;
2019-08-15 09:28:05 - [TEST_STEP][PASSED] - delay(2): Delayed 2 second(s)&#xD;
&#xD;
2019-08-15 09:28:07 - [MESSAGE][PASSED] - Delayed 2 second(s)&#xD;
&#xD;
2019-08-15 09:28:07 - [TEST_STEP][PASSED] - click(findTestObject("Template_Variables/Add_TemplateVariable/button_Add Variable")): Object: 'Object Repository/Template_Variables/Add_TemplateVariable/button_Add Variable' is clicked on&#xD;
&#xD;
2019-08-15 09:28:09 - [MESSAGE][PASSED] - Object: 'Object Repository/Template_Variables/Add_TemplateVariable/button_Add Variable' is clicked on&#xD;
&#xD;
2019-08-15 09:28:09 - [TEST_STEP][PASSED] - waitForPageLoad(0): Wait for page load successfully&#xD;
&#xD;
2019-08-15 09:28:09 - [MESSAGE][WARNING] - Timeout '0' is invalid. Using default page load timeout: '30'&#xD;
&#xD;
2019-08-15 09:28:10 - [MESSAGE][PASSED] - Wait for page load successfully&#xD;
&#xD;
2019-08-15 09:28:10 - [TEST_STEP][PASSED] - setText(findTestObject("Template_Variables/Add_TemplateVariable/input_Unique Name_form-control"), "Test123"): Text 'Test123' is set on object 'Object Repository/Template_Variables/Add_TemplateVariable/input_Unique Name_form-control'&#xD;
&#xD;
2019-08-15 09:28:14 - [MESSAGE][PASSED] - Text 'Test123' is set on object 'Object Repository/Template_Variables/Add_TemplateVariable/input_Unique Name_form-control'&#xD;
&#xD;
2019-08-15 09:28:14 - [TEST_STEP][PASSED] - delay(1): Delayed 1 second(s)&#xD;
&#xD;
2019-08-15 09:28:15 - [MESSAGE][PASSED] - Delayed 1 second(s)&#xD;
&#xD;
2019-08-15 09:28:15 - [TEST_STEP][PASSED] - click(findTestObject("Template_Variables/Add_TemplateVariable/span_Please select")): Object: 'Object Repository/Template_Variables/Add_TemplateVariable/span_Please select' is clicked on&#xD;
&#xD;
2019-08-15 09:28:17 - [MESSAGE][PASSED] - Object: 'Object Repository/Template_Variables/Add_TemplateVariable/span_Please select' is clicked on&#xD;
&#xD;
2019-08-15 09:28:17 - [TEST_STEP][PASSED] - delay(1): Delayed 1 second(s)&#xD;
&#xD;
2019-08-15 09:28:18 - [MESSAGE][PASSED] - Delayed 1 second(s)&#xD;
&#xD;
2019-08-15 09:28:18 - [TEST_STEP][PASSED] - click(findTestObject("Template_Variables/Add_TemplateVariable/Image_Template_Type")): Object: 'Object Repository/Template_Variables/Add_TemplateVariable/Image_Template_Type' is clicked on&#xD;
&#xD;
2019-08-15 09:28:20 - [MESSAGE][PASSED] - Object: 'Object Repository/Template_Variables/Add_TemplateVariable/Image_Template_Type' is clicked on&#xD;
&#xD;
2019-08-15 09:28:20 - [TEST_STEP][PASSED] - delay(1): Delayed 1 second(s)&#xD;
&#xD;
2019-08-15 09:28:21 - [MESSAGE][PASSED] - Delayed 1 second(s)&#xD;
&#xD;
2019-08-15 09:28:21 - [TEST_STEP][PASSED] - click(findTestObject("Template_Variables/Add_TemplateVariable/DataType_dd_image")): Object: 'Object Repository/Template_Variables/Add_TemplateVariable/DataType_dd_image' is clicked on&#xD;
&#xD;
2019-08-15 09:28:24 - [MESSAGE][PASSED] - Object: 'Object Repository/Template_Variables/Add_TemplateVariable/DataType_dd_image' is clicked on&#xD;
&#xD;
2019-08-15 09:28:24 - [TEST_STEP][PASSED] - delay(1): Delayed 1 second(s)&#xD;
&#xD;
2019-08-15 09:28:25 - [MESSAGE][PASSED] - Delayed 1 second(s)&#xD;
&#xD;
2019-08-15 09:28:25 - [TEST_STEP][PASSED] - setText(findTestObject("Template_Variables/Add_TemplateVariable/input_Image_s2id_autogen63_search"), "Image"): Text 'Image' is set on object 'Object Repository/Template_Variables/Add_TemplateVariable/input_Image_s2id_autogen63_search'&#xD;
&#xD;
2019-08-15 09:28:28 - [MESSAGE][PASSED] - Text 'Image' is set on object 'Object Repository/Template_Variables/Add_TemplateVariable/input_Image_s2id_autogen63_search'&#xD;
&#xD;
2019-08-15 09:28:28 - [TEST_STEP][PASSED] - click(findTestObject("Template_Variables/Add_TemplateVariable/Data_Type_Option")): Object: 'Object Repository/Template_Variables/Add_TemplateVariable/Data_Type_Option' is clicked on&#xD;
&#xD;
2019-08-15 09:28:31 - [MESSAGE][PASSED] - Object: 'Object Repository/Template_Variables/Add_TemplateVariable/Data_Type_Option' is clicked on&#xD;
&#xD;
2019-08-15 09:28:31 - [TEST_STEP][PASSED] - click(findTestObject("Template_Variables/Add_TemplateVariable/button_Save")): Object: 'Object Repository/Template_Variables/Add_TemplateVariable/button_Save' is clicked on&#xD;
&#xD;
2019-08-15 09:28:33 - [MESSAGE][PASSED] - Object: 'Object Repository/Template_Variables/Add_TemplateVariable/button_Save' is clicked on&#xD;
&#xD;
2019-08-15 09:28:33 - [TEST_STEP][PASSED] - getText(findTestObject("Template_Variables/Add_TemplateVariable/Grid_Name_FirstValue"), STOP_ON_FAILURE): Text of object 'Object Repository/Template_Variables/Add_TemplateVariable/Grid_Name_FirstValue' is: 'Test123'&#xD;
&#xD;
2019-08-15 09:28:35 - [MESSAGE][PASSED] - Text of object 'Object Repository/Template_Variables/Add_TemplateVariable/Grid_Name_FirstValue' is: 'Test123'</system-out>
            <system-err></system-err>
        </testcase>
        <testcase name="Test Cases/Application - Login/Logout" classname="Test Cases/Application - Login/Logout" status="PASSED">
            <system-out>2019-08-15 09:28:37 - [TEST_CASE][PASSED] - Test Cases/Application - Login/Logout: Test Cases/Application - Login/Logout&#xD;
&#xD;
2019-08-15 09:28:38 - [TEST_STEP][PASSED] - click(findTestObject("Login/span_Satinder")): Object: 'Object Repository/Login/span_Satinder' is clicked on&#xD;
&#xD;
2019-08-15 09:28:40 - [MESSAGE][PASSED] - Object: 'Object Repository/Login/span_Satinder' is clicked on&#xD;
&#xD;
2019-08-15 09:28:40 - [TEST_STEP][PASSED] - delay(1): Delayed 1 second(s)&#xD;
&#xD;
2019-08-15 09:28:41 - [MESSAGE][PASSED] - Delayed 1 second(s)&#xD;
&#xD;
2019-08-15 09:28:41 - [TEST_STEP][PASSED] - click(findTestObject("Login/Logout")): Object: 'Object Repository/Login/Logout' is clicked on&#xD;
&#xD;
2019-08-15 09:28:43 - [MESSAGE][PASSED] - Object: 'Object Repository/Login/Logout' is clicked on&#xD;
&#xD;
2019-08-15 09:28:43 - [TEST_STEP][PASSED] - delay(1): Delayed 1 second(s)&#xD;
&#xD;
2019-08-15 09:28:44 - [MESSAGE][PASSED] - Delayed 1 second(s)&#xD;
&#xD;
2019-08-15 09:28:44 - [TEST_STEP][PASSED] - click(findTestObject("Login/Ok Button in Confirmation")): Object: 'Object Repository/Login/Ok Button in Confirmation' is clicked on&#xD;
&#xD;
2019-08-15 09:28:47 - [MESSAGE][PASSED] - Object: 'Object Repository/Login/Ok Button in Confirmation' is clicked on&#xD;
&#xD;
2019-08-15 09:28:47 - [TEST_STEP][PASSED] - waitForPageLoad(1): Wait for page load successfully&#xD;
&#xD;
2019-08-15 09:28:48 - [MESSAGE][PASSED] - Wait for page load successfully&#xD;
&#xD;
2019-08-15 09:28:48 - [TEST_STEP][PASSED] - closeBrowser(): Browser is closed&#xD;
&#xD;
2019-08-15 09:28:50 - [MESSAGE][PASSED] - Browser is closed</system-out>
            <system-err></system-err>
        </testcase>
        <system-out>2019-08-15 09:27:05 - [TEST_SUITE][INCOMPLETE] - Add New Template Variable: null</system-out>
        <system-err>2019-08-15 09:27:05 - [TEST_SUITE][INCOMPLETE] - Add New Template Variable: null</system-err>
    </testsuite>
</testsuites>
