<?xml version="1.0" encoding="UTF-8" standalone="yes"?>
<testsuites name="Add_Template variable,Template and Material" time="70" tests="3" failures="0" errors="0">
    <testsuite name="Add_Template variable,Template and Material" tests="3" failures="0" errors="0" time="70" timestamp="2019-09-03 15:33:57" hostname="gansat - NOTEEG-12802.nexus.local" id="Test Suites/HTML Builder/Add_Template variable,Template and Material">
        <properties>
            <property name="deviceName" value=""/>
            <property name="devicePlatform" value=""/>
            <property name="logFolder" value="C:\\Users\\GANSAT\\Katalon Studio\\Adzu\\Reports\\20190903_153353\\HTML Builder\\Add_Template variable,Template and Material\\20190903_153353"/>
            <property name="logFiles" value="C:\\Users\\GANSAT\\Katalon Studio\\Adzu\\Reports\\20190903_153353\\HTML Builder\\Add_Template variable,Template and Material\\20190903_153353\\execution0.log"/>
            <property name="attachments" value=""/>
            <property name="hostName" value="gansat - NOTEEG-12802.nexus.local"/>
            <property name="os" value="Windows 10 64bit"/>
            <property name="katalonVersion" value="6.3.3.11"/>
            <property name="browser" value="Chrome 76.0.3809.100"/>
            <property name="hostAddress" value="10.142.158.96"/>
            <property name="sessionId" value="f99c7feba8fb808a1b2cd08538e82787"/>
            <property name="seleniumVersion" value="3.141.59"/>
            <property name="proxyInformation" value="ProxyInformation{proxyOption=NO_PROXY, proxyServerType=HTTP, password=, proxyServerAddress=, proxyServerPort=0}"/>
            <property name="platform" value="Windows 10"/>
        </properties>
        <testcase name="Test Cases/Application - Login/Login - STA" classname="Test Cases/Application - Login/Login - STA" status="PASSED">
            <system-out>2019-09-03 15:33:57 - [TEST_CASE][PASSED] - Test Cases/Application - Login/Login - STA: Test Cases/Application - Login/Login - STA&#xD;
&#xD;
2019-09-03 15:33:58 - [TEST_STEP][PASSED] - openBrowser(""): Browser is opened with url: ''&#xD;
&#xD;
2019-09-03 15:33:59 - [MESSAGE][INFO] - Starting 'Chrome' driver&#xD;
&#xD;
2019-09-03 15:33:59 - [MESSAGE][INFO] - Action delay is set to 1 seconds&#xD;
&#xD;
2019-09-03 15:34:07 - [MESSAGE][PASSED] - Browser is opened with url: ''&#xD;
&#xD;
2019-09-03 15:34:07 - [TEST_STEP][PASSED] - navigateToUrl("https://bt.adzu4-staging.codeworldwide.com/#Admin/Materials/Templates"): Navigate to 'https://bt.adzu4-staging.codeworldwide.com/#Admin/Materials/Templates' successfully&#xD;
&#xD;
2019-09-03 15:34:09 - [MESSAGE][PASSED] - Navigate to 'https://bt.adzu4-staging.codeworldwide.com/#Admin/Materials/Templates' successfully&#xD;
&#xD;
2019-09-03 15:34:09 - [TEST_STEP][PASSED] - setText(findTestObject("Login/login_username"), "satinder.gandhi@codeworldwide.com"): Text 'satinder.gandhi@codeworldwide.com' is set on object 'Object Repository/Login/login_username'&#xD;
&#xD;
2019-09-03 15:34:15 - [MESSAGE][PASSED] - Text 'satinder.gandhi@codeworldwide.com' is set on object 'Object Repository/Login/login_username'&#xD;
&#xD;
2019-09-03 15:34:15 - [TEST_STEP][PASSED] - setEncryptedText(findTestObject("Login/login_password"), "yfq/9fVkW5+QvfzWq38qvg=="): Text ****** has been set on object 'Object Repository/Login/login_password'&#xD;
&#xD;
2019-09-03 15:34:19 - [MESSAGE][PASSED] - Text ****** has been set on object 'Object Repository/Login/login_password'&#xD;
&#xD;
2019-09-03 15:34:19 - [TEST_STEP][PASSED] - click(findTestObject("Object Repository/Test1/button_Login")): Object: 'Object Repository/Test1/button_Login' is clicked on&#xD;
&#xD;
2019-09-03 15:34:22 - [MESSAGE][PASSED] - Object: 'Object Repository/Test1/button_Login' is clicked on&#xD;
&#xD;
2019-09-03 15:34:22 - [TEST_STEP][PASSED] - maximizeWindow(): Current window maximized&#xD;
&#xD;
2019-09-03 15:34:24 - [MESSAGE][PASSED] - Current window maximized&#xD;
&#xD;
2019-09-03 15:34:24 - [TEST_STEP][PASSED] - verifyElementText(findTestObject("Login/span_Satinder"), "Satinder"): Actual text and expected text of test object 'Object Repository/Login/span_Satinder' are matched.&#xD;
&#xD;
2019-09-03 15:34:26 - [MESSAGE][PASSED] - Actual text and expected text of test object 'Object Repository/Login/span_Satinder' are matched.</system-out>
            <system-err></system-err>
        </testcase>
        <testcase name="Test Cases/Template Variables/Open Material and Template" classname="Test Cases/Template Variables/Open Material and Template" status="PASSED">
            <system-out>2019-09-03 15:34:28 - [TEST_CASE][PASSED] - Test Cases/Template Variables/Open Material and Template: Test Cases/Template Variables/Open Material and Template&#xD;
&#xD;
2019-09-03 15:34:29 - [TEST_STEP][PASSED] - click(findTestObject("Main Menu/Create Menu/a_Create")): Object: 'Object Repository/Main Menu/Create Menu/a_Create' is clicked on&#xD;
&#xD;
2019-09-03 15:34:31 - [MESSAGE][PASSED] - Object: 'Object Repository/Main Menu/Create Menu/a_Create' is clicked on&#xD;
&#xD;
2019-09-03 15:34:31 - [TEST_STEP][PASSED] - waitForPageLoad(0): Wait for page load successfully&#xD;
&#xD;
2019-09-03 15:34:31 - [MESSAGE][WARNING] - Timeout '0' is invalid. Using default page load timeout: '30'&#xD;
&#xD;
2019-09-03 15:34:33 - [MESSAGE][PASSED] - Wait for page load successfully&#xD;
&#xD;
2019-09-03 15:34:33 - [TEST_STEP][PASSED] - click(findTestObject("Main Menu/Create Menu/span_Materials Templates")): Object: 'Object Repository/Main Menu/Create Menu/span_Materials Templates' is clicked on&#xD;
&#xD;
2019-09-03 15:34:35 - [MESSAGE][PASSED] - Object: 'Object Repository/Main Menu/Create Menu/span_Materials Templates' is clicked on&#xD;
&#xD;
2019-09-03 15:34:35 - [TEST_STEP][PASSED] - waitForPageLoad(0): Wait for page load successfully&#xD;
&#xD;
2019-09-03 15:34:35 - [MESSAGE][WARNING] - Timeout '0' is invalid. Using default page load timeout: '30'&#xD;
&#xD;
2019-09-03 15:34:36 - [MESSAGE][PASSED] - Wait for page load successfully</system-out>
            <system-err></system-err>
        </testcase>
        <testcase name="Test Cases/Template Variables/Save_template_variables" classname="Test Cases/Template Variables/Save_template_variables" status="PASSED">
            <system-out>2019-09-03 15:34:38 - [TEST_CASE][PASSED] - Test Cases/Template Variables/Save_template_variables: Test Cases/Template Variables/Save_template_variables&#xD;
&#xD;
2019-09-03 15:34:38 - [TEST_STEP][PASSED] - delay(2): Delayed 2 second(s)&#xD;
&#xD;
2019-09-03 15:34:40 - [MESSAGE][PASSED] - Delayed 2 second(s)&#xD;
&#xD;
2019-09-03 15:34:40 - [TEST_STEP][PASSED] - click(findTestObject("Template_Variables/Add_TemplateVariable/button_Add Variable")): Object: 'Object Repository/Template_Variables/Add_TemplateVariable/button_Add Variable' is clicked on&#xD;
&#xD;
2019-09-03 15:34:43 - [MESSAGE][PASSED] - Object: 'Object Repository/Template_Variables/Add_TemplateVariable/button_Add Variable' is clicked on&#xD;
&#xD;
2019-09-03 15:34:43 - [TEST_STEP][PASSED] - waitForPageLoad(0): Wait for page load successfully&#xD;
&#xD;
2019-09-03 15:34:43 - [MESSAGE][WARNING] - Timeout '0' is invalid. Using default page load timeout: '30'&#xD;
&#xD;
2019-09-03 15:34:44 - [MESSAGE][PASSED] - Wait for page load successfully&#xD;
&#xD;
2019-09-03 15:34:44 - [TEST_STEP][PASSED] - setText(findTestObject("Template_Variables/Add_TemplateVariable/input_Unique Name_form-control"), "Test123"): Text 'Test123' is set on object 'Object Repository/Template_Variables/Add_TemplateVariable/input_Unique Name_form-control'&#xD;
&#xD;
2019-09-03 15:34:47 - [MESSAGE][PASSED] - Text 'Test123' is set on object 'Object Repository/Template_Variables/Add_TemplateVariable/input_Unique Name_form-control'&#xD;
&#xD;
2019-09-03 15:34:47 - [TEST_STEP][PASSED] - delay(1): Delayed 1 second(s)&#xD;
&#xD;
2019-09-03 15:34:48 - [MESSAGE][PASSED] - Delayed 1 second(s)&#xD;
&#xD;
2019-09-03 15:34:48 - [TEST_STEP][PASSED] - click(findTestObject("Template_Variables/Add_TemplateVariable/a_Please select")): Object: 'Object Repository/Template_Variables/Add_TemplateVariable/a_Please select' is clicked on&#xD;
&#xD;
2019-09-03 15:34:51 - [MESSAGE][PASSED] - Object: 'Object Repository/Template_Variables/Add_TemplateVariable/a_Please select' is clicked on&#xD;
&#xD;
2019-09-03 15:34:51 - [TEST_STEP][PASSED] - delay(1): Delayed 1 second(s)&#xD;
&#xD;
2019-09-03 15:34:52 - [MESSAGE][PASSED] - Delayed 1 second(s)&#xD;
&#xD;
2019-09-03 15:34:52 - [TEST_STEP][PASSED] - click(findTestObject("Template_Variables/Add_TemplateVariable/Image_Template_Type")): Object: 'Object Repository/Template_Variables/Add_TemplateVariable/Image_Template_Type' is clicked on&#xD;
&#xD;
2019-09-03 15:34:54 - [MESSAGE][PASSED] - Object: 'Object Repository/Template_Variables/Add_TemplateVariable/Image_Template_Type' is clicked on&#xD;
&#xD;
2019-09-03 15:34:54 - [TEST_STEP][PASSED] - delay(1): Delayed 1 second(s)&#xD;
&#xD;
2019-09-03 15:34:55 - [MESSAGE][PASSED] - Delayed 1 second(s)&#xD;
&#xD;
2019-09-03 15:34:55 - [TEST_STEP][PASSED] - click(findTestObject("Template_Variables/Add_TemplateVariable/DataType_dd_image")): Object: 'Object Repository/Template_Variables/Add_TemplateVariable/DataType_dd_image' is clicked on&#xD;
&#xD;
2019-09-03 15:34:57 - [MESSAGE][PASSED] - Object: 'Object Repository/Template_Variables/Add_TemplateVariable/DataType_dd_image' is clicked on&#xD;
&#xD;
2019-09-03 15:34:57 - [TEST_STEP][PASSED] - delay(1): Delayed 1 second(s)&#xD;
&#xD;
2019-09-03 15:34:58 - [MESSAGE][PASSED] - Delayed 1 second(s)&#xD;
&#xD;
2019-09-03 15:34:58 - [TEST_STEP][PASSED] - click(findTestObject("Template_Variables/Add_TemplateVariable/Page_Template Variables  BaseTenants/Page_Template Variables  BaseTenants/div_Banner_Image")): Object: 'Object Repository/Template_Variables/Add_TemplateVariable/Page_Template Variables  BaseTenants/Page_Template Variables  BaseTenants/div_Banner_Image' is clicked on&#xD;
&#xD;
2019-09-03 15:35:01 - [MESSAGE][PASSED] - Object: 'Object Repository/Template_Variables/Add_TemplateVariable/Page_Template Variables  BaseTenants/Page_Template Variables  BaseTenants/div_Banner_Image' is clicked on&#xD;
&#xD;
2019-09-03 15:35:01 - [TEST_STEP][PASSED] - click(findTestObject("Template_Variables/Add_TemplateVariable/button_Save")): Object: 'Object Repository/Template_Variables/Add_TemplateVariable/button_Save' is clicked on&#xD;
&#xD;
2019-09-03 15:35:03 - [MESSAGE][PASSED] - Object: 'Object Repository/Template_Variables/Add_TemplateVariable/button_Save' is clicked on&#xD;
&#xD;
2019-09-03 15:35:03 - [TEST_STEP][PASSED] - getText(findTestObject("Template_Variables/Add_TemplateVariable/Grid_Name_FirstValue"), STOP_ON_FAILURE): Text of object 'Object Repository/Template_Variables/Add_TemplateVariable/Grid_Name_FirstValue' is: 'Test123'&#xD;
&#xD;
2019-09-03 15:35:05 - [MESSAGE][PASSED] - Text of object 'Object Repository/Template_Variables/Add_TemplateVariable/Grid_Name_FirstValue' is: 'Test123'</system-out>
            <system-err></system-err>
        </testcase>
        <system-out>2019-09-03 15:33:57 - [TEST_SUITE][INCOMPLETE] - Add_Template variable,Template and Material: null</system-out>
        <system-err>2019-09-03 15:33:57 - [TEST_SUITE][INCOMPLETE] - Add_Template variable,Template and Material: null</system-err>
    </testsuite>
</testsuites>
