<?xml version="1.0" encoding="UTF-8" standalone="yes"?>
<testsuites name="Search and Delete" time="49" tests="2" failures="0" errors="0">
    <testsuite name="Search and Delete" tests="2" failures="0" errors="0" time="49" timestamp="2019-09-09 16:07:21" hostname="gansat - NOTEEG-12802.nexus.local" id="Test Suites/HTML Builder/Search and Delete">
        <properties>
            <property name="deviceName" value=""/>
            <property name="devicePlatform" value=""/>
            <property name="logFolder" value="C:\\Users\\GANSAT\\Katalon Studio\\Adzu - Copy\\Reports\\20190909_160716\\HTML Builder\\Search and Delete\\20190909_160716"/>
            <property name="logFiles" value="C:\\Users\\GANSAT\\Katalon Studio\\Adzu - Copy\\Reports\\20190909_160716\\HTML Builder\\Search and Delete\\20190909_160716\\execution0.log"/>
            <property name="attachments" value=""/>
            <property name="hostName" value="gansat - NOTEEG-12802.nexus.local"/>
            <property name="os" value="Windows 10 64bit"/>
            <property name="katalonVersion" value="6.3.3.11"/>
            <property name="browser" value="Chrome 76.0.3809.132"/>
            <property name="hostAddress" value="192.168.0.12"/>
            <property name="sessionId" value="82d358a28f913d9f910bd682e763d06d"/>
            <property name="seleniumVersion" value="3.141.59"/>
            <property name="proxyInformation" value="ProxyInformation{proxyOption=NO_PROXY, proxyServerType=HTTP, password=, proxyServerAddress=, proxyServerPort=0}"/>
            <property name="platform" value="Windows 10"/>
        </properties>
        <testcase name="Test Cases/Application - Login/Login - STA" classname="Test Cases/Application - Login/Login - STA" status="PASSED">
            <system-out>2019-09-09 16:07:21 - [TEST_CASE][PASSED] - Test Cases/Application - Login/Login - STA: Test Cases/Application - Login/Login - STA&#xD;
&#xD;
2019-09-09 16:07:23 - [TEST_STEP][PASSED] - openBrowser(""): Browser is opened with url: ''&#xD;
&#xD;
2019-09-09 16:07:24 - [MESSAGE][INFO] - Starting 'Chrome' driver&#xD;
&#xD;
2019-09-09 16:07:24 - [MESSAGE][INFO] - Action delay is set to 1 seconds&#xD;
&#xD;
2019-09-09 16:07:32 - [MESSAGE][PASSED] - Browser is opened with url: ''&#xD;
&#xD;
2019-09-09 16:07:32 - [TEST_STEP][PASSED] - navigateToUrl("https://samsung-adzu4-staging.codeworldwide.com/#"): Navigate to 'https://samsung-adzu4-staging.codeworldwide.com/#' successfully&#xD;
&#xD;
2019-09-09 16:07:34 - [MESSAGE][PASSED] - Navigate to 'https://samsung-adzu4-staging.codeworldwide.com/#' successfully&#xD;
&#xD;
2019-09-09 16:07:34 - [TEST_STEP][PASSED] - waitForPageLoad(5): Wait for page load successfully&#xD;
&#xD;
2019-09-09 16:07:36 - [MESSAGE][PASSED] - Wait for page load successfully&#xD;
&#xD;
2019-09-09 16:07:36 - [TEST_STEP][PASSED] - setText(findTestObject("Login/login_username"), "satinder.gandhi@codeworldwide.com"): Text 'satinder.gandhi@codeworldwide.com' is set on object 'Object Repository/Login/login_username'&#xD;
&#xD;
2019-09-09 16:07:41 - [MESSAGE][PASSED] - Text 'satinder.gandhi@codeworldwide.com' is set on object 'Object Repository/Login/login_username'&#xD;
&#xD;
2019-09-09 16:07:41 - [TEST_STEP][PASSED] - setEncryptedText(findTestObject("Login/login_password"), "yfq/9fVkW5+QvfzWq38qvg=="): Text ****** has been set on object 'Object Repository/Login/login_password'&#xD;
&#xD;
2019-09-09 16:07:45 - [MESSAGE][PASSED] - Text ****** has been set on object 'Object Repository/Login/login_password'&#xD;
&#xD;
2019-09-09 16:07:45 - [TEST_STEP][PASSED] - click(findTestObject("Object Repository/Test1/button_Login")): Object: 'Object Repository/Test1/button_Login' is clicked on&#xD;
&#xD;
2019-09-09 16:07:48 - [MESSAGE][PASSED] - Object: 'Object Repository/Test1/button_Login' is clicked on&#xD;
&#xD;
2019-09-09 16:07:48 - [TEST_STEP][PASSED] - maximizeWindow(): Current window maximized&#xD;
&#xD;
2019-09-09 16:07:51 - [MESSAGE][PASSED] - Current window maximized&#xD;
&#xD;
2019-09-09 16:07:51 - [TEST_STEP][PASSED] - verifyElementText(findTestObject("Login/span_Satinder"), "Satinder"): Actual text and expected text of test object 'Object Repository/Login/span_Satinder' are matched.&#xD;
&#xD;
2019-09-09 16:07:54 - [MESSAGE][PASSED] - Actual text and expected text of test object 'Object Repository/Login/span_Satinder' are matched.</system-out>
            <system-err></system-err>
        </testcase>
        <testcase name="Test Cases/Application - Login/Logout" classname="Test Cases/Application - Login/Logout" status="PASSED">
            <system-out>2019-09-09 16:07:56 - [TEST_CASE][PASSED] - Test Cases/Application - Login/Logout: Test Cases/Application - Login/Logout&#xD;
&#xD;
2019-09-09 16:07:56 - [TEST_STEP][PASSED] - click(findTestObject("Login/span_Satinder")): Object: 'Object Repository/Login/span_Satinder' is clicked on&#xD;
&#xD;
2019-09-09 16:07:58 - [MESSAGE][PASSED] - Object: 'Object Repository/Login/span_Satinder' is clicked on&#xD;
&#xD;
2019-09-09 16:07:58 - [TEST_STEP][PASSED] - delay(1): Delayed 1 second(s)&#xD;
&#xD;
2019-09-09 16:08:00 - [MESSAGE][PASSED] - Delayed 1 second(s)&#xD;
&#xD;
2019-09-09 16:08:00 - [TEST_STEP][PASSED] - click(findTestObject("Login/Logout")): Object: 'Object Repository/Login/Logout' is clicked on&#xD;
&#xD;
2019-09-09 16:08:02 - [MESSAGE][PASSED] - Object: 'Object Repository/Login/Logout' is clicked on&#xD;
&#xD;
2019-09-09 16:08:02 - [TEST_STEP][PASSED] - delay(1): Delayed 1 second(s)&#xD;
&#xD;
2019-09-09 16:08:03 - [MESSAGE][PASSED] - Delayed 1 second(s)&#xD;
&#xD;
2019-09-09 16:08:03 - [TEST_STEP][PASSED] - click(findTestObject("Login/Page_Samsung Marketing Cloud/button_Yes")): Object: 'Object Repository/Login/Page_Samsung Marketing Cloud/button_Yes' is clicked on&#xD;
&#xD;
2019-09-09 16:08:05 - [MESSAGE][PASSED] - Object: 'Object Repository/Login/Page_Samsung Marketing Cloud/button_Yes' is clicked on&#xD;
&#xD;
2019-09-09 16:08:05 - [TEST_STEP][PASSED] - waitForPageLoad(1): Wait for page load successfully&#xD;
&#xD;
2019-09-09 16:08:06 - [MESSAGE][PASSED] - Wait for page load successfully&#xD;
&#xD;
2019-09-09 16:08:06 - [TEST_STEP][PASSED] - closeBrowser(): Browser is closed&#xD;
&#xD;
2019-09-09 16:08:08 - [MESSAGE][PASSED] - Browser is closed</system-out>
            <system-err></system-err>
        </testcase>
        <system-out>2019-09-09 16:07:21 - [TEST_SUITE][INCOMPLETE] - Search and Delete: null</system-out>
        <system-err>2019-09-09 16:07:21 - [TEST_SUITE][INCOMPLETE] - Search and Delete: null</system-err>
    </testsuite>
</testsuites>
