<?xml version="1.0" encoding="UTF-8" standalone="yes"?>
<testsuites name="Build Material" time="56" tests="3" failures="0" errors="0">
    <testsuite name="Build Material" tests="3" failures="0" errors="0" time="56" timestamp="2019-08-13 17:21:50" hostname="gansat - NOTEEG-12802.nexus.local" id="Test Suites/HTML Builder/Build Material">
        <properties>
            <property name="deviceName" value=""/>
            <property name="devicePlatform" value=""/>
            <property name="logFolder" value="C:\\Users\\GANSAT\\Katalon Studio\\Adzu\\Reports\\HTML Builder\\Build Material\\20190813_172146"/>
            <property name="logFiles" value="C:\\Users\\GANSAT\\Katalon Studio\\Adzu\\Reports\\HTML Builder\\Build Material\\20190813_172146\\execution0.log"/>
            <property name="attachments" value=""/>
            <property name="hostName" value="gansat - NOTEEG-12802.nexus.local"/>
            <property name="os" value="Windows 10 64bit"/>
            <property name="katalonVersion" value="6.2.1.2"/>
            <property name="browser" value="Firefox 67.0"/>
            <property name="hostAddress" value="10.142.156.58"/>
            <property name="sessionId" value="f3c525d0-a942-42ff-99f0-f037025a08f6"/>
            <property name="seleniumVersion" value="3.141.59"/>
            <property name="proxyInformation" value="ProxyInformation{proxyOption=NO_PROXY, proxyServerType=HTTP, password=, proxyServerAddress=, proxyServerPort=0}"/>
            <property name="platform" value="Windows 10"/>
        </properties>
        <testcase name="Test Cases/Application - Login/Login - STA" classname="Test Cases/Application - Login/Login - STA" status="PASSED">
            <system-out>2019-08-13 17:21:51 - [TEST_CASE][PASSED] - Test Cases/Application - Login/Login - STA: Test Cases/Application - Login/Login - STA&#xD;
&#xD;
2019-08-13 17:21:52 - [TEST_STEP][PASSED] - openBrowser(""): Browser is opened with url: ''&#xD;
&#xD;
2019-08-13 17:21:53 - [MESSAGE][INFO] - Starting 'Firefox' driver&#xD;
&#xD;
2019-08-13 17:21:53 - [MESSAGE][INFO] - Action delay is set to 1 seconds&#xD;
&#xD;
2019-08-13 17:22:04 - [MESSAGE][PASSED] - Browser is opened with url: ''&#xD;
&#xD;
2019-08-13 17:22:04 - [TEST_STEP][PASSED] - navigateToUrl("https://bt.adzu4-staging.codeworldwide.com/#"): Navigate to 'https://bt.adzu4-staging.codeworldwide.com/#' successfully&#xD;
&#xD;
2019-08-13 17:22:06 - [MESSAGE][PASSED] - Navigate to 'https://bt.adzu4-staging.codeworldwide.com/#' successfully&#xD;
&#xD;
2019-08-13 17:22:06 - [TEST_STEP][PASSED] - waitForElementPresent(findTestObject("Page_Base/Page_Base/login_username"), 10): Object 'Object Repository/Page_Base/Page_Base/login_username' is present&#xD;
&#xD;
2019-08-13 17:22:10 - [MESSAGE][PASSED] - Object 'Object Repository/Page_Base/Page_Base/login_username' is present&#xD;
&#xD;
2019-08-13 17:22:10 - [TEST_STEP][PASSED] - setText(findTestObject("Page_Base/Page_Base/login_username"), "satinder.gandhi@codeworldwide.com"): Text 'satinder.gandhi@codeworldwide.com' is set on object 'Object Repository/Page_Base/Page_Base/login_username'&#xD;
&#xD;
2019-08-13 17:22:14 - [MESSAGE][PASSED] - Text 'satinder.gandhi@codeworldwide.com' is set on object 'Object Repository/Page_Base/Page_Base/login_username'&#xD;
&#xD;
2019-08-13 17:22:14 - [TEST_STEP][PASSED] - setText(findTestObject("Page_Base/Page_Base/login_password"), "ADZU#os123"): Text 'ADZU#os123' is set on object 'Object Repository/Page_Base/Page_Base/login_password'&#xD;
&#xD;
2019-08-13 17:22:17 - [MESSAGE][PASSED] - Text 'ADZU#os123' is set on object 'Object Repository/Page_Base/Page_Base/login_password'&#xD;
&#xD;
2019-08-13 17:22:17 - [TEST_STEP][PASSED] - click(findTestObject("Login/LoginButton_STA")): Object: 'Object Repository/Login/LoginButton_STA' is clicked on&#xD;
&#xD;
2019-08-13 17:22:19 - [MESSAGE][PASSED] - Object: 'Object Repository/Login/LoginButton_STA' is clicked on&#xD;
&#xD;
2019-08-13 17:22:19 - [TEST_STEP][PASSED] - maximizeWindow(): Current window maximized&#xD;
&#xD;
2019-08-13 17:22:20 - [MESSAGE][PASSED] - Current window maximized&#xD;
&#xD;
2019-08-13 17:22:20 - [TEST_STEP][PASSED] - waitForElementPresent(findTestObject("Page_Base/Home Page/Page_Base/span_Satinder"), 1): Object 'Object Repository/Page_Base/Home Page/Page_Base/span_Satinder' is present&#xD;
&#xD;
2019-08-13 17:22:21 - [MESSAGE][PASSED] - Object 'Object Repository/Page_Base/Home Page/Page_Base/span_Satinder' is present&#xD;
&#xD;
2019-08-13 17:22:21 - [TEST_STEP][PASSED] - verifyElementText(findTestObject("Page_Base/Home Page/Page_Base/span_Satinder"), "Satinder"): Actual text and expected text of test object 'Object Repository/Page_Base/Home Page/Page_Base/span_Satinder' are matched.&#xD;
&#xD;
2019-08-13 17:22:24 - [MESSAGE][PASSED] - Actual text and expected text of test object 'Object Repository/Page_Base/Home Page/Page_Base/span_Satinder' are matched.</system-out>
            <system-err></system-err>
        </testcase>
        <testcase name="Test Cases/Template Variables/Open Material and Template" classname="Test Cases/Template Variables/Open Material and Template" status="PASSED">
            <system-out>2019-08-13 17:22:26 - [TEST_CASE][PASSED] - Test Cases/Template Variables/Open Material and Template: Test Cases/Template Variables/Open Material and Template&#xD;
&#xD;
2019-08-13 17:22:26 - [TEST_STEP][PASSED] - waitForElementVisible(findTestObject("Main Menu/Create Menu/a_Create"), 1): Object 'Object Repository/Main Menu/Create Menu/a_Create' is visible&#xD;
&#xD;
2019-08-13 17:22:28 - [MESSAGE][PASSED] - Object 'Object Repository/Main Menu/Create Menu/a_Create' is visible&#xD;
&#xD;
2019-08-13 17:22:28 - [TEST_STEP][PASSED] - click(findTestObject("Main Menu/Create Menu/a_Create")): Object: 'Object Repository/Main Menu/Create Menu/a_Create' is clicked on&#xD;
&#xD;
2019-08-13 17:22:31 - [MESSAGE][PASSED] - Object: 'Object Repository/Main Menu/Create Menu/a_Create' is clicked on&#xD;
&#xD;
2019-08-13 17:22:31 - [TEST_STEP][PASSED] - waitForPageLoad(0): Wait for page load successfully&#xD;
&#xD;
2019-08-13 17:22:31 - [MESSAGE][WARNING] - Timeout '0' is invalid. Using default page load timeout: '30'&#xD;
&#xD;
2019-08-13 17:22:32 - [MESSAGE][PASSED] - Wait for page load successfully&#xD;
&#xD;
2019-08-13 17:22:32 - [TEST_STEP][PASSED] - click(findTestObject("Main Menu/Create Menu/span_Materials  Templates")): Object: 'Object Repository/Main Menu/Create Menu/span_Materials  Templates' is clicked on&#xD;
&#xD;
2019-08-13 17:22:34 - [MESSAGE][PASSED] - Object: 'Object Repository/Main Menu/Create Menu/span_Materials  Templates' is clicked on&#xD;
&#xD;
2019-08-13 17:22:34 - [TEST_STEP][PASSED] - waitForPageLoad(0): Wait for page load successfully&#xD;
&#xD;
2019-08-13 17:22:34 - [MESSAGE][WARNING] - Timeout '0' is invalid. Using default page load timeout: '30'&#xD;
&#xD;
2019-08-13 17:22:35 - [MESSAGE][PASSED] - Wait for page load successfully</system-out>
            <system-err></system-err>
        </testcase>
        <testcase name="Test Cases/Materials/Open Material" classname="Test Cases/Materials/Open Material" status="PASSED">
            <system-out>2019-08-13 17:22:37 - [TEST_CASE][PASSED] - Test Cases/Materials/Open Material: Test Cases/Materials/Open Material&#xD;
&#xD;
2019-08-13 17:22:38 - [TEST_STEP][PASSED] - delay(1): Delayed 1 second(s)&#xD;
&#xD;
2019-08-13 17:22:39 - [MESSAGE][PASSED] - Delayed 1 second(s)&#xD;
&#xD;
2019-08-13 17:22:39 - [TEST_STEP][PASSED] - click(findTestObject("Templates/Open Templates/Burger Menu")): Object: 'Object Repository/Templates/Open Templates/Burger Menu' is clicked on&#xD;
&#xD;
2019-08-13 17:22:41 - [MESSAGE][PASSED] - Object: 'Object Repository/Templates/Open Templates/Burger Menu' is clicked on&#xD;
&#xD;
2019-08-13 17:22:41 - [TEST_STEP][PASSED] - click(findTestObject("Material/Open Material/MenuOption_Material")): Object: 'Object Repository/Material/Open Material/MenuOption_Material' is clicked on&#xD;
&#xD;
2019-08-13 17:22:43 - [MESSAGE][PASSED] - Object: 'Object Repository/Material/Open Material/MenuOption_Material' is clicked on&#xD;
&#xD;
2019-08-13 17:22:43 - [TEST_STEP][PASSED] - delay(1): Delayed 1 second(s)&#xD;
&#xD;
2019-08-13 17:22:44 - [MESSAGE][PASSED] - Delayed 1 second(s)</system-out>
            <system-err></system-err>
        </testcase>
        <system-out>2019-08-13 17:21:50 - [TEST_SUITE][INCOMPLETE] - Build Material: null</system-out>
        <system-err>2019-08-13 17:21:50 - [TEST_SUITE][INCOMPLETE] - Build Material: null</system-err>
    </testsuite>
</testsuites>
