<?xml version="1.0" encoding="UTF-8" standalone="yes"?>
<testsuites name="Login - Logout" time="48" tests="2" failures="0" errors="0">
    <testsuite name="Login - Logout" tests="2" failures="0" errors="0" time="48" timestamp="2019-08-14 17:59:25" hostname="gansat - NOTEEG-12802.nexus.local" id="Test Suites/Login/Login - Logout">
        <properties>
            <property name="deviceName" value=""/>
            <property name="devicePlatform" value=""/>
            <property name="logFolder" value="C:\\Users\\GANSAT\\Katalon Studio\\Adzu\\Reports\\20190814_175921\\Login\\Login - Logout\\20190814_175921"/>
            <property name="logFiles" value="C:\\Users\\GANSAT\\Katalon Studio\\Adzu\\Reports\\20190814_175921\\Login\\Login - Logout\\20190814_175921\\execution0.log"/>
            <property name="attachments" value=""/>
            <property name="hostName" value="gansat - NOTEEG-12802.nexus.local"/>
            <property name="os" value="Windows 10 64bit"/>
            <property name="katalonVersion" value="6.3.2.4"/>
            <property name="browser" value="Firefox 67.0"/>
            <property name="hostAddress" value="192.168.0.10"/>
            <property name="sessionId" value="1edefebd-9163-4132-ad78-010f5763b1ed"/>
            <property name="seleniumVersion" value="3.141.59"/>
            <property name="proxyInformation" value="ProxyInformation{proxyOption=NO_PROXY, proxyServerType=HTTP, password=, proxyServerAddress=, proxyServerPort=0}"/>
            <property name="platform" value="Windows 10"/>
        </properties>
        <testcase name="Test Cases/Application - Login/Login - STA" classname="Test Cases/Application - Login/Login - STA" status="PASSED">
            <system-out>2019-08-14 17:59:25 - [TEST_CASE][PASSED] - Test Cases/Application - Login/Login - STA: Test Cases/Application - Login/Login - STA&#xD;
&#xD;
2019-08-14 17:59:26 - [TEST_STEP][PASSED] - openBrowser(""): Browser is opened with url: ''&#xD;
&#xD;
2019-08-14 17:59:27 - [MESSAGE][INFO] - Starting 'Firefox' driver&#xD;
&#xD;
2019-08-14 17:59:27 - [MESSAGE][INFO] - Action delay is set to 1 seconds&#xD;
&#xD;
2019-08-14 17:59:37 - [MESSAGE][PASSED] - Browser is opened with url: ''&#xD;
&#xD;
2019-08-14 17:59:37 - [TEST_STEP][PASSED] - navigateToUrl("https://bt.adzu4-staging.codeworldwide.com/#Admin/Materials/Templates"): Navigate to 'https://bt.adzu4-staging.codeworldwide.com/#Admin/Materials/Templates' successfully&#xD;
&#xD;
2019-08-14 17:59:39 - [MESSAGE][PASSED] - Navigate to 'https://bt.adzu4-staging.codeworldwide.com/#Admin/Materials/Templates' successfully&#xD;
&#xD;
2019-08-14 17:59:39 - [TEST_STEP][PASSED] - setText(findTestObject("Login/login_username"), "satinder.gandhi@codeworldwide.com"): Text 'satinder.gandhi@codeworldwide.com' is set on object 'Object Repository/Login/login_username'&#xD;
&#xD;
2019-08-14 17:59:46 - [MESSAGE][PASSED] - Text 'satinder.gandhi@codeworldwide.com' is set on object 'Object Repository/Login/login_username'&#xD;
&#xD;
2019-08-14 17:59:46 - [TEST_STEP][PASSED] - setEncryptedText(findTestObject("Login/login_password"), "yfq/9fVkW5+QvfzWq38qvg=="): Text ****** has been set on object 'Object Repository/Login/login_password'&#xD;
&#xD;
2019-08-14 17:59:49 - [MESSAGE][PASSED] - Text ****** has been set on object 'Object Repository/Login/login_password'&#xD;
&#xD;
2019-08-14 17:59:49 - [TEST_STEP][PASSED] - click(findTestObject("Object Repository/Test1/button_Login")): Object: 'Object Repository/Test1/button_Login' is clicked on&#xD;
&#xD;
2019-08-14 17:59:52 - [MESSAGE][PASSED] - Object: 'Object Repository/Test1/button_Login' is clicked on&#xD;
&#xD;
2019-08-14 17:59:52 - [TEST_STEP][PASSED] - maximizeWindow(): Current window maximized&#xD;
&#xD;
2019-08-14 17:59:53 - [MESSAGE][PASSED] - Current window maximized&#xD;
&#xD;
2019-08-14 17:59:53 - [TEST_STEP][PASSED] - verifyElementText(findTestObject("Login/span_Satinder"), "Satinder"): Actual text and expected text of test object 'Object Repository/Login/span_Satinder' are matched.&#xD;
&#xD;
2019-08-14 17:59:55 - [MESSAGE][PASSED] - Actual text and expected text of test object 'Object Repository/Login/span_Satinder' are matched.</system-out>
            <system-err></system-err>
        </testcase>
        <testcase name="Test Cases/Application - Login/Logout" classname="Test Cases/Application - Login/Logout" status="PASSED">
            <system-out>2019-08-14 17:59:57 - [TEST_CASE][PASSED] - Test Cases/Application - Login/Logout: Test Cases/Application - Login/Logout&#xD;
&#xD;
2019-08-14 17:59:58 - [TEST_STEP][PASSED] - click(findTestObject("Login/span_Satinder")): Object: 'Object Repository/Login/span_Satinder' is clicked on&#xD;
&#xD;
2019-08-14 18:00:00 - [MESSAGE][PASSED] - Object: 'Object Repository/Login/span_Satinder' is clicked on&#xD;
&#xD;
2019-08-14 18:00:00 - [TEST_STEP][PASSED] - delay(1): Delayed 1 second(s)&#xD;
&#xD;
2019-08-14 18:00:01 - [MESSAGE][PASSED] - Delayed 1 second(s)&#xD;
&#xD;
2019-08-14 18:00:01 - [TEST_STEP][PASSED] - click(findTestObject("Login/Logout")): Object: 'Object Repository/Login/Logout' is clicked on&#xD;
&#xD;
2019-08-14 18:00:03 - [MESSAGE][PASSED] - Object: 'Object Repository/Login/Logout' is clicked on&#xD;
&#xD;
2019-08-14 18:00:03 - [TEST_STEP][PASSED] - delay(1): Delayed 1 second(s)&#xD;
&#xD;
2019-08-14 18:00:04 - [MESSAGE][PASSED] - Delayed 1 second(s)&#xD;
&#xD;
2019-08-14 18:00:04 - [TEST_STEP][PASSED] - click(findTestObject("Login/Ok Button in Confirmation")): Object: 'Object Repository/Login/Ok Button in Confirmation' is clicked on&#xD;
&#xD;
2019-08-14 18:00:07 - [MESSAGE][PASSED] - Object: 'Object Repository/Login/Ok Button in Confirmation' is clicked on&#xD;
&#xD;
2019-08-14 18:00:07 - [TEST_STEP][PASSED] - waitForPageLoad(1): Wait for page load successfully&#xD;
&#xD;
2019-08-14 18:00:08 - [MESSAGE][PASSED] - Wait for page load successfully&#xD;
&#xD;
2019-08-14 18:00:08 - [TEST_STEP][PASSED] - closeBrowser(): Browser is closed&#xD;
&#xD;
2019-08-14 18:00:11 - [MESSAGE][PASSED] - Browser is closed</system-out>
            <system-err></system-err>
        </testcase>
        <system-out>2019-08-14 17:59:25 - [TEST_SUITE][INCOMPLETE] - Login - Logout: null</system-out>
        <system-err>2019-08-14 17:59:25 - [TEST_SUITE][INCOMPLETE] - Login - Logout: null</system-err>
    </testsuite>
</testsuites>
