<?xml version="1.0" encoding="UTF-8" standalone="yes"?>
<testsuites name="Search and Delete Template Variable" time="84" tests="4" failures="0" errors="0">
    <testsuite name="Search and Delete Template Variable" tests="4" failures="0" errors="0" time="84" timestamp="2019-08-14 10:18:10" hostname="gansat - NOTEEG-12802.nexus.local" id="Test Suites/Template Variable/Search and Delete Template Variable">
        <properties>
            <property name="deviceName" value=""/>
            <property name="devicePlatform" value=""/>
            <property name="logFolder" value="C:\\Users\\GANSAT\\Katalon Studio\\Adzu\\Reports\\Template Variable\\Search and Delete Template Variable\\20190814_101805"/>
            <property name="logFiles" value="C:\\Users\\GANSAT\\Katalon Studio\\Adzu\\Reports\\Template Variable\\Search and Delete Template Variable\\20190814_101805\\execution0.log"/>
            <property name="attachments" value=""/>
            <property name="hostName" value="gansat - NOTEEG-12802.nexus.local"/>
            <property name="os" value="Windows 10 64bit"/>
            <property name="katalonVersion" value="6.2.1.2"/>
            <property name="browser" value="Firefox 67.0"/>
            <property name="hostAddress" value="192.168.0.10"/>
            <property name="sessionId" value="28c8e51b-0b10-4272-9d10-147569459579"/>
            <property name="seleniumVersion" value="3.141.59"/>
            <property name="proxyInformation" value="ProxyInformation{proxyOption=NO_PROXY, proxyServerType=HTTP, password=, proxyServerAddress=, proxyServerPort=0}"/>
            <property name="platform" value="Windows 10"/>
        </properties>
        <testcase name="Test Cases/Application - Login/Login - STA" classname="Test Cases/Application - Login/Login - STA" status="PASSED">
            <system-out>2019-08-14 10:18:11 - [TEST_CASE][PASSED] - Test Cases/Application - Login/Login - STA: Test Cases/Application - Login/Login - STA&#xD;
&#xD;
2019-08-14 10:18:12 - [TEST_STEP][PASSED] - openBrowser(""): Browser is opened with url: ''&#xD;
&#xD;
2019-08-14 10:18:13 - [MESSAGE][INFO] - Starting 'Firefox' driver&#xD;
&#xD;
2019-08-14 10:18:14 - [MESSAGE][INFO] - Action delay is set to 1 seconds&#xD;
&#xD;
2019-08-14 10:18:26 - [MESSAGE][PASSED] - Browser is opened with url: ''&#xD;
&#xD;
2019-08-14 10:18:26 - [TEST_STEP][PASSED] - navigateToUrl("https://bt.adzu4-staging.codeworldwide.com/#"): Navigate to 'https://bt.adzu4-staging.codeworldwide.com/#' successfully&#xD;
&#xD;
2019-08-14 10:18:29 - [MESSAGE][PASSED] - Navigate to 'https://bt.adzu4-staging.codeworldwide.com/#' successfully&#xD;
&#xD;
2019-08-14 10:18:29 - [TEST_STEP][PASSED] - waitForElementPresent(findTestObject("Page_Base/Page_Base/login_username"), 15): Object 'Object Repository/Page_Base/Page_Base/login_username' is present&#xD;
&#xD;
2019-08-14 10:18:35 - [MESSAGE][PASSED] - Object 'Object Repository/Page_Base/Page_Base/login_username' is present&#xD;
&#xD;
2019-08-14 10:18:35 - [TEST_STEP][PASSED] - setText(findTestObject("Page_Base/Page_Base/login_username"), "satinder.gandhi@codeworldwide.com"): Text 'satinder.gandhi@codeworldwide.com' is set on object 'Object Repository/Page_Base/Page_Base/login_username'&#xD;
&#xD;
2019-08-14 10:18:38 - [MESSAGE][PASSED] - Text 'satinder.gandhi@codeworldwide.com' is set on object 'Object Repository/Page_Base/Page_Base/login_username'&#xD;
&#xD;
2019-08-14 10:18:38 - [TEST_STEP][PASSED] - waitForElementPresent(findTestObject("Page_Base/Page_Base/login_password"), 0): Object 'Object Repository/Page_Base/Page_Base/login_password' is present&#xD;
&#xD;
2019-08-14 10:18:38 - [MESSAGE][WARNING] - Timeout '0' is invalid. Using default page load timeout: '30'&#xD;
&#xD;
2019-08-14 10:18:39 - [MESSAGE][PASSED] - Object 'Object Repository/Page_Base/Page_Base/login_password' is present&#xD;
&#xD;
2019-08-14 10:18:39 - [TEST_STEP][PASSED] - setText(findTestObject("Page_Base/Page_Base/login_password"), "ADZU#os123"): Text 'ADZU#os123' is set on object 'Object Repository/Page_Base/Page_Base/login_password'&#xD;
&#xD;
2019-08-14 10:18:43 - [MESSAGE][PASSED] - Text 'ADZU#os123' is set on object 'Object Repository/Page_Base/Page_Base/login_password'&#xD;
&#xD;
2019-08-14 10:18:43 - [TEST_STEP][PASSED] - click(findTestObject("Login/LoginButton_STA")): Object: 'Object Repository/Login/LoginButton_STA' is clicked on&#xD;
&#xD;
2019-08-14 10:18:45 - [MESSAGE][PASSED] - Object: 'Object Repository/Login/LoginButton_STA' is clicked on&#xD;
&#xD;
2019-08-14 10:18:45 - [TEST_STEP][PASSED] - maximizeWindow(): Current window maximized&#xD;
&#xD;
2019-08-14 10:18:46 - [MESSAGE][PASSED] - Current window maximized&#xD;
&#xD;
2019-08-14 10:18:46 - [TEST_STEP][PASSED] - waitForElementPresent(findTestObject("Page_Base/Home Page/Page_Base/span_Satinder"), 1): Object 'Object Repository/Page_Base/Home Page/Page_Base/span_Satinder' is not present after 1 second(s)&#xD;
&#xD;
2019-08-14 10:18:48 - [MESSAGE][INFO] - Unable to find the element located by 'By.xpath: id("menu_all")/div[@class="nav navbar-nav navbar-right dropdown user-info"]/div[@class="dropdown-toggle"]/span[@class="user-name"][count(. | //span[@class = 'user-name' and (text() = 'Satinder' or . = 'Satinder')]) = count(//span[@class = 'user-name' and (text() = 'Satinder' or . = 'Satinder')])]'. Please recheck the objects properties to make sure the desired element is located. &#xD;
&#xD;
2019-08-14 10:18:48 - [MESSAGE][WARNING] - Object 'Object Repository/Page_Base/Home Page/Page_Base/span_Satinder' is not present after 1 second(s)&#xD;
&#xD;
2019-08-14 10:18:48 - [TEST_STEP][PASSED] - verifyElementText(findTestObject("Page_Base/Home Page/Page_Base/span_Satinder"), "Satinder"): Actual text and expected text of test object 'Object Repository/Page_Base/Home Page/Page_Base/span_Satinder' are matched.&#xD;
&#xD;
2019-08-14 10:18:50 - [MESSAGE][PASSED] - Actual text and expected text of test object 'Object Repository/Page_Base/Home Page/Page_Base/span_Satinder' are matched.</system-out>
            <system-err></system-err>
        </testcase>
        <testcase name="Test Cases/Template Variables/Open Material and Template" classname="Test Cases/Template Variables/Open Material and Template" status="PASSED">
            <system-out>2019-08-14 10:18:52 - [TEST_CASE][PASSED] - Test Cases/Template Variables/Open Material and Template: Test Cases/Template Variables/Open Material and Template&#xD;
&#xD;
2019-08-14 10:18:53 - [TEST_STEP][PASSED] - waitForElementVisible(findTestObject("Main Menu/Create Menu/a_Create"), 1): Object 'Object Repository/Main Menu/Create Menu/a_Create' is visible&#xD;
&#xD;
2019-08-14 10:18:55 - [MESSAGE][PASSED] - Object 'Object Repository/Main Menu/Create Menu/a_Create' is visible&#xD;
&#xD;
2019-08-14 10:18:55 - [TEST_STEP][PASSED] - click(findTestObject("Main Menu/Create Menu/a_Create")): Object: 'Object Repository/Main Menu/Create Menu/a_Create' is clicked on&#xD;
&#xD;
2019-08-14 10:18:58 - [MESSAGE][PASSED] - Object: 'Object Repository/Main Menu/Create Menu/a_Create' is clicked on&#xD;
&#xD;
2019-08-14 10:18:58 - [TEST_STEP][PASSED] - waitForPageLoad(0): Wait for page load successfully&#xD;
&#xD;
2019-08-14 10:18:58 - [MESSAGE][WARNING] - Timeout '0' is invalid. Using default page load timeout: '30'&#xD;
&#xD;
2019-08-14 10:18:59 - [MESSAGE][PASSED] - Wait for page load successfully&#xD;
&#xD;
2019-08-14 10:18:59 - [TEST_STEP][PASSED] - click(findTestObject("Main Menu/Create Menu/span_Materials  Templates")): Object: 'Object Repository/Main Menu/Create Menu/span_Materials  Templates' is clicked on&#xD;
&#xD;
2019-08-14 10:19:01 - [MESSAGE][PASSED] - Object: 'Object Repository/Main Menu/Create Menu/span_Materials  Templates' is clicked on&#xD;
&#xD;
2019-08-14 10:19:01 - [TEST_STEP][PASSED] - waitForPageLoad(0): Wait for page load successfully&#xD;
&#xD;
2019-08-14 10:19:01 - [MESSAGE][WARNING] - Timeout '0' is invalid. Using default page load timeout: '30'&#xD;
&#xD;
2019-08-14 10:19:02 - [MESSAGE][PASSED] - Wait for page load successfully</system-out>
            <system-err></system-err>
        </testcase>
        <testcase name="Test Cases/Template Variables/Search Template Variables" classname="Test Cases/Template Variables/Search Template Variables" status="PASSED">
            <system-out>2019-08-14 10:19:05 - [TEST_CASE][PASSED] - Test Cases/Template Variables/Search Template Variables: Test Cases/Template Variables/Search Template Variables&#xD;
&#xD;
2019-08-14 10:19:05 - [TEST_STEP][PASSED] - delay(1): Delayed 1 second(s)&#xD;
&#xD;
2019-08-14 10:19:06 - [MESSAGE][PASSED] - Delayed 1 second(s)&#xD;
&#xD;
2019-08-14 10:19:06 - [TEST_STEP][PASSED] - click(findTestObject("Template_Variables/Search_TemplateVariables/Template_Variable_Filter_Toggle")): Object: 'Object Repository/Template_Variables/Search_TemplateVariables/Template_Variable_Filter_Toggle' is clicked on&#xD;
&#xD;
2019-08-14 10:19:09 - [MESSAGE][PASSED] - Object: 'Object Repository/Template_Variables/Search_TemplateVariables/Template_Variable_Filter_Toggle' is clicked on&#xD;
&#xD;
2019-08-14 10:19:09 - [TEST_STEP][PASSED] - delay(1): Delayed 1 second(s)&#xD;
&#xD;
2019-08-14 10:19:10 - [MESSAGE][PASSED] - Delayed 1 second(s)&#xD;
&#xD;
2019-08-14 10:19:10 - [TEST_STEP][PASSED] - setText(findTestObject("Template_Variables/Search_TemplateVariables/TemplateVariable_Filter_Text"), "Test123"): Text 'Test123' is set on object 'Object Repository/Template_Variables/Search_TemplateVariables/TemplateVariable_Filter_Text'&#xD;
&#xD;
2019-08-14 10:19:13 - [MESSAGE][PASSED] - Text 'Test123' is set on object 'Object Repository/Template_Variables/Search_TemplateVariables/TemplateVariable_Filter_Text'&#xD;
&#xD;
2019-08-14 10:19:13 - [TEST_STEP][PASSED] - delay(1): Delayed 1 second(s)&#xD;
&#xD;
2019-08-14 10:19:14 - [MESSAGE][PASSED] - Delayed 1 second(s)&#xD;
&#xD;
2019-08-14 10:19:14 - [TEST_STEP][PASSED] - click(findTestObject("Template_Variables/Search_TemplateVariables/Template_Variable_Hide_Button")): Object: 'Object Repository/Template_Variables/Search_TemplateVariables/Template_Variable_Hide_Button' is clicked on&#xD;
&#xD;
2019-08-14 10:19:17 - [MESSAGE][PASSED] - Object: 'Object Repository/Template_Variables/Search_TemplateVariables/Template_Variable_Hide_Button' is clicked on&#xD;
&#xD;
2019-08-14 10:19:17 - [TEST_STEP][PASSED] - delay(1): Delayed 1 second(s)&#xD;
&#xD;
2019-08-14 10:19:18 - [MESSAGE][PASSED] - Delayed 1 second(s)</system-out>
            <system-err></system-err>
        </testcase>
        <testcase name="Test Cases/Template Variables/Delete Template Variables" classname="Test Cases/Template Variables/Delete Template Variables" status="PASSED">
            <system-out>2019-08-14 10:19:20 - [TEST_CASE][PASSED] - Test Cases/Template Variables/Delete Template Variables: Test Cases/Template Variables/Delete Template Variables&#xD;
&#xD;
2019-08-14 10:19:20 - [TEST_STEP][PASSED] - delay(1): Delayed 1 second(s)&#xD;
&#xD;
2019-08-14 10:19:21 - [MESSAGE][PASSED] - Delayed 1 second(s)&#xD;
&#xD;
2019-08-14 10:19:21 - [TEST_STEP][PASSED] - click(findTestObject("Template_Variables/Delete_Template_Variables/Template_Variable_Action Menu")): Object: 'Object Repository/Template_Variables/Delete_Template_Variables/Template_Variable_Action Menu' is clicked on&#xD;
&#xD;
2019-08-14 10:19:24 - [MESSAGE][PASSED] - Object: 'Object Repository/Template_Variables/Delete_Template_Variables/Template_Variable_Action Menu' is clicked on&#xD;
&#xD;
2019-08-14 10:19:24 - [TEST_STEP][PASSED] - delay(1): Delayed 1 second(s)&#xD;
&#xD;
2019-08-14 10:19:25 - [MESSAGE][PASSED] - Delayed 1 second(s)&#xD;
&#xD;
2019-08-14 10:19:25 - [TEST_STEP][PASSED] - click(findTestObject("Template_Variables/Delete_Template_Variables/Template_Variable_Delete_Button")): Object: 'Object Repository/Template_Variables/Delete_Template_Variables/Template_Variable_Delete_Button' is clicked on&#xD;
&#xD;
2019-08-14 10:19:27 - [MESSAGE][PASSED] - Object: 'Object Repository/Template_Variables/Delete_Template_Variables/Template_Variable_Delete_Button' is clicked on&#xD;
&#xD;
2019-08-14 10:19:27 - [TEST_STEP][PASSED] - delay(1): Delayed 1 second(s)&#xD;
&#xD;
2019-08-14 10:19:28 - [MESSAGE][PASSED] - Delayed 1 second(s)&#xD;
&#xD;
2019-08-14 10:19:28 - [TEST_STEP][PASSED] - click(findTestObject("Template_Variables/Delete_Template_Variables/Template_Varibale_Ok_Button")): Object: 'Object Repository/Template_Variables/Delete_Template_Variables/Template_Varibale_Ok_Button' is clicked on&#xD;
&#xD;
2019-08-14 10:19:30 - [MESSAGE][PASSED] - Object: 'Object Repository/Template_Variables/Delete_Template_Variables/Template_Varibale_Ok_Button' is clicked on&#xD;
&#xD;
2019-08-14 10:19:30 - [TEST_STEP][PASSED] - True = verifyElementText(findTestObject("Template_Variables/Add_TemplateVariable/Grid_Name_FirstValue"), ""): Actual text and expected text of test object 'Object Repository/Template_Variables/Add_TemplateVariable/Grid_Name_FirstValue' are matched.&#xD;
&#xD;
2019-08-14 10:19:33 - [MESSAGE][PASSED] - Actual text and expected text of test object 'Object Repository/Template_Variables/Add_TemplateVariable/Grid_Name_FirstValue' are matched.</system-out>
            <system-err></system-err>
        </testcase>
        <system-out>2019-08-14 10:18:10 - [TEST_SUITE][INCOMPLETE] - Search and Delete Template Variable: null</system-out>
        <system-err>2019-08-14 10:18:10 - [TEST_SUITE][INCOMPLETE] - Search and Delete Template Variable: null</system-err>
    </testsuite>
</testsuites>
