<?xml version="1.0" encoding="UTF-8" standalone="yes"?>
<testsuites name="Build Material" time="37" tests="3" failures="0" errors="0">
    <testsuite name="Build Material" tests="3" failures="0" errors="0" time="37" timestamp="2019-08-13 17:25:28" hostname="gansat - NOTEEG-12802.nexus.local" id="Test Suites/HTML Builder/Build Material">
        <properties>
            <property name="deviceName" value=""/>
            <property name="devicePlatform" value=""/>
            <property name="logFolder" value="C:\\Users\\GANSAT\\Katalon Studio\\Adzu\\Reports\\HTML Builder\\Build Material\\20190813_172524"/>
            <property name="logFiles" value="C:\\Users\\GANSAT\\Katalon Studio\\Adzu\\Reports\\HTML Builder\\Build Material\\20190813_172524\\execution0.log"/>
            <property name="attachments" value=""/>
            <property name="hostName" value="gansat - NOTEEG-12802.nexus.local"/>
            <property name="os" value="Windows 10 64bit"/>
            <property name="katalonVersion" value="6.2.1.2"/>
            <property name="browser" value="Firefox 67.0"/>
            <property name="hostAddress" value="10.142.156.58"/>
            <property name="sessionId" value="9cd74131-5681-4242-b16c-17554fa2fea1"/>
            <property name="seleniumVersion" value="3.141.59"/>
            <property name="proxyInformation" value="ProxyInformation{proxyOption=NO_PROXY, proxyServerType=HTTP, password=, proxyServerAddress=, proxyServerPort=0}"/>
            <property name="platform" value="Windows 10"/>
        </properties>
        <testcase name="Test Cases/Application - Login/Login - STA" classname="Test Cases/Application - Login/Login - STA" status="PASSED">
            <system-out>2019-08-13 17:25:28 - [TEST_CASE][PASSED] - Test Cases/Application - Login/Login - STA: Test Cases/Application - Login/Login - STA&#xD;
&#xD;
2019-08-13 17:25:30 - [TEST_STEP][PASSED] - openBrowser(""): Browser is opened with url: ''&#xD;
&#xD;
2019-08-13 17:25:31 - [MESSAGE][INFO] - Starting 'Firefox' driver&#xD;
&#xD;
2019-08-13 17:25:31 - [MESSAGE][INFO] - Action delay is set to 0 seconds&#xD;
&#xD;
2019-08-13 17:25:40 - [MESSAGE][PASSED] - Browser is opened with url: ''&#xD;
&#xD;
2019-08-13 17:25:40 - [TEST_STEP][PASSED] - navigateToUrl("https://bt.adzu4-staging.codeworldwide.com/#"): Navigate to 'https://bt.adzu4-staging.codeworldwide.com/#' successfully&#xD;
&#xD;
2019-08-13 17:25:41 - [MESSAGE][PASSED] - Navigate to 'https://bt.adzu4-staging.codeworldwide.com/#' successfully&#xD;
&#xD;
2019-08-13 17:25:41 - [TEST_STEP][PASSED] - waitForElementPresent(findTestObject("Page_Base/Page_Base/login_username"), 10): Object 'Object Repository/Page_Base/Page_Base/login_username' is present&#xD;
&#xD;
2019-08-13 17:25:45 - [MESSAGE][PASSED] - Object 'Object Repository/Page_Base/Page_Base/login_username' is present&#xD;
&#xD;
2019-08-13 17:25:45 - [TEST_STEP][PASSED] - setText(findTestObject("Page_Base/Page_Base/login_username"), "satinder.gandhi@codeworldwide.com"): Text 'satinder.gandhi@codeworldwide.com' is set on object 'Object Repository/Page_Base/Page_Base/login_username'&#xD;
&#xD;
2019-08-13 17:25:46 - [MESSAGE][PASSED] - Text 'satinder.gandhi@codeworldwide.com' is set on object 'Object Repository/Page_Base/Page_Base/login_username'&#xD;
&#xD;
2019-08-13 17:25:46 - [TEST_STEP][PASSED] - waitForElementPresent(findTestObject("Page_Base/Page_Base/login_password"), 0): Object 'Object Repository/Page_Base/Page_Base/login_password' is present&#xD;
&#xD;
2019-08-13 17:25:46 - [MESSAGE][WARNING] - Timeout '0' is invalid. Using default page load timeout: '30'&#xD;
&#xD;
2019-08-13 17:25:46 - [MESSAGE][PASSED] - Object 'Object Repository/Page_Base/Page_Base/login_password' is present&#xD;
&#xD;
2019-08-13 17:25:46 - [TEST_STEP][PASSED] - setText(findTestObject("Page_Base/Page_Base/login_password"), "ADZU#os123"): Text 'ADZU#os123' is set on object 'Object Repository/Page_Base/Page_Base/login_password'&#xD;
&#xD;
2019-08-13 17:25:46 - [MESSAGE][PASSED] - Text 'ADZU#os123' is set on object 'Object Repository/Page_Base/Page_Base/login_password'&#xD;
&#xD;
2019-08-13 17:25:46 - [TEST_STEP][PASSED] - click(findTestObject("Login/LoginButton_STA")): Object: 'Object Repository/Login/LoginButton_STA' is clicked on&#xD;
&#xD;
2019-08-13 17:25:47 - [MESSAGE][PASSED] - Object: 'Object Repository/Login/LoginButton_STA' is clicked on&#xD;
&#xD;
2019-08-13 17:25:47 - [TEST_STEP][PASSED] - maximizeWindow(): Current window maximized&#xD;
&#xD;
2019-08-13 17:25:47 - [MESSAGE][PASSED] - Current window maximized&#xD;
&#xD;
2019-08-13 17:25:47 - [TEST_STEP][PASSED] - waitForElementPresent(findTestObject("Page_Base/Home Page/Page_Base/span_Satinder"), 1): Object 'Object Repository/Page_Base/Home Page/Page_Base/span_Satinder' is not present after 1 second(s)&#xD;
&#xD;
2019-08-13 17:25:48 - [MESSAGE][INFO] - Unable to find the element located by 'By.xpath: id("menu_all")/div[@class="nav navbar-nav navbar-right dropdown user-info"]/div[@class="dropdown-toggle"]/span[@class="user-name"][count(. | //span[@class = 'user-name' and (text() = 'Satinder' or . = 'Satinder')]) = count(//span[@class = 'user-name' and (text() = 'Satinder' or . = 'Satinder')])]'. Please recheck the objects properties to make sure the desired element is located. &#xD;
&#xD;
2019-08-13 17:25:48 - [MESSAGE][WARNING] - Object 'Object Repository/Page_Base/Home Page/Page_Base/span_Satinder' is not present after 1 second(s)&#xD;
&#xD;
2019-08-13 17:25:48 - [TEST_STEP][PASSED] - verifyElementText(findTestObject("Page_Base/Home Page/Page_Base/span_Satinder"), "Satinder"): Actual text and expected text of test object 'Object Repository/Page_Base/Home Page/Page_Base/span_Satinder' are matched.&#xD;
&#xD;
2019-08-13 17:25:55 - [MESSAGE][PASSED] - Actual text and expected text of test object 'Object Repository/Page_Base/Home Page/Page_Base/span_Satinder' are matched.</system-out>
            <system-err></system-err>
        </testcase>
        <testcase name="Test Cases/Template Variables/Open Material and Template" classname="Test Cases/Template Variables/Open Material and Template" status="PASSED">
            <system-out>2019-08-13 17:25:57 - [TEST_CASE][PASSED] - Test Cases/Template Variables/Open Material and Template: Test Cases/Template Variables/Open Material and Template&#xD;
&#xD;
2019-08-13 17:25:58 - [TEST_STEP][PASSED] - waitForElementVisible(findTestObject("Main Menu/Create Menu/a_Create"), 1): Object 'Object Repository/Main Menu/Create Menu/a_Create' is visible&#xD;
&#xD;
2019-08-13 17:25:58 - [MESSAGE][PASSED] - Object 'Object Repository/Main Menu/Create Menu/a_Create' is visible&#xD;
&#xD;
2019-08-13 17:25:58 - [TEST_STEP][PASSED] - click(findTestObject("Main Menu/Create Menu/a_Create")): Object: 'Object Repository/Main Menu/Create Menu/a_Create' is clicked on&#xD;
&#xD;
2019-08-13 17:25:58 - [MESSAGE][PASSED] - Object: 'Object Repository/Main Menu/Create Menu/a_Create' is clicked on&#xD;
&#xD;
2019-08-13 17:25:58 - [TEST_STEP][PASSED] - waitForPageLoad(0): Wait for page load successfully&#xD;
&#xD;
2019-08-13 17:25:58 - [MESSAGE][WARNING] - Timeout '0' is invalid. Using default page load timeout: '30'&#xD;
&#xD;
2019-08-13 17:25:58 - [MESSAGE][PASSED] - Wait for page load successfully&#xD;
&#xD;
2019-08-13 17:25:58 - [TEST_STEP][PASSED] - click(findTestObject("Main Menu/Create Menu/span_Materials  Templates")): Object: 'Object Repository/Main Menu/Create Menu/span_Materials  Templates' is clicked on&#xD;
&#xD;
2019-08-13 17:25:58 - [MESSAGE][PASSED] - Object: 'Object Repository/Main Menu/Create Menu/span_Materials  Templates' is clicked on&#xD;
&#xD;
2019-08-13 17:25:58 - [TEST_STEP][PASSED] - waitForPageLoad(0): Wait for page load successfully&#xD;
&#xD;
2019-08-13 17:25:58 - [MESSAGE][WARNING] - Timeout '0' is invalid. Using default page load timeout: '30'&#xD;
&#xD;
2019-08-13 17:25:59 - [MESSAGE][PASSED] - Wait for page load successfully</system-out>
            <system-err></system-err>
        </testcase>
        <testcase name="Test Cases/Materials/Open Material" classname="Test Cases/Materials/Open Material" status="PASSED">
            <system-out>2019-08-13 17:26:01 - [TEST_CASE][PASSED] - Test Cases/Materials/Open Material: Test Cases/Materials/Open Material&#xD;
&#xD;
2019-08-13 17:26:01 - [TEST_STEP][PASSED] - delay(1): Delayed 1 second(s)&#xD;
&#xD;
2019-08-13 17:26:02 - [MESSAGE][PASSED] - Delayed 1 second(s)&#xD;
&#xD;
2019-08-13 17:26:02 - [TEST_STEP][PASSED] - click(findTestObject("Templates/Open Templates/Burger Menu")): Object: 'Object Repository/Templates/Open Templates/Burger Menu' is clicked on&#xD;
&#xD;
2019-08-13 17:26:03 - [MESSAGE][PASSED] - Object: 'Object Repository/Templates/Open Templates/Burger Menu' is clicked on&#xD;
&#xD;
2019-08-13 17:26:03 - [TEST_STEP][PASSED] - click(findTestObject("Material/Open Material/MenuOption_Material")): Object: 'Object Repository/Material/Open Material/MenuOption_Material' is clicked on&#xD;
&#xD;
2019-08-13 17:26:03 - [MESSAGE][PASSED] - Object: 'Object Repository/Material/Open Material/MenuOption_Material' is clicked on&#xD;
&#xD;
2019-08-13 17:26:03 - [TEST_STEP][PASSED] - delay(1): Delayed 1 second(s)&#xD;
&#xD;
2019-08-13 17:26:04 - [MESSAGE][PASSED] - Delayed 1 second(s)</system-out>
            <system-err></system-err>
        </testcase>
        <system-out>2019-08-13 17:25:28 - [TEST_SUITE][INCOMPLETE] - Build Material: null</system-out>
        <system-err>2019-08-13 17:25:28 - [TEST_SUITE][INCOMPLETE] - Build Material: null</system-err>
    </testsuite>
</testsuites>
