<?xml version="1.0" encoding="UTF-8" standalone="yes"?>
<testsuites name="Search and Delete Template Variable" time="71" tests="4" failures="0" errors="0">
    <testsuite name="Search and Delete Template Variable" tests="4" failures="0" errors="0" time="71" timestamp="2019-08-15 09:31:10" hostname="gansat - NOTEEG-12802.nexus.local" id="Test Suites/Template Variable/Search and Delete Template Variable">
        <properties>
            <property name="deviceName" value=""/>
            <property name="devicePlatform" value=""/>
            <property name="logFolder" value="C:\\Users\\GANSAT\\Katalon Studio\\Adzu\\Reports\\20190815_093106\\Template Variable\\Search and Delete Template Variable\\20190815_093106"/>
            <property name="logFiles" value="C:\\Users\\GANSAT\\Katalon Studio\\Adzu\\Reports\\20190815_093106\\Template Variable\\Search and Delete Template Variable\\20190815_093106\\execution0.log"/>
            <property name="attachments" value=""/>
            <property name="hostName" value="gansat - NOTEEG-12802.nexus.local"/>
            <property name="os" value="Windows 10 64bit"/>
            <property name="katalonVersion" value="6.3.2.4"/>
            <property name="browser" value="Chrome 76.0.3809.100"/>
            <property name="hostAddress" value="10.142.156.58"/>
            <property name="sessionId" value="f6b4589946e044705f089f0b326067e1"/>
            <property name="seleniumVersion" value="3.141.59"/>
            <property name="proxyInformation" value="ProxyInformation{proxyOption=NO_PROXY, proxyServerType=HTTP, password=, proxyServerAddress=, proxyServerPort=0}"/>
            <property name="platform" value="Windows 10"/>
        </properties>
        <testcase name="Test Cases/Application - Login/Login - STA" classname="Test Cases/Application - Login/Login - STA" status="PASSED">
            <system-out>2019-08-15 09:31:10 - [TEST_CASE][PASSED] - Test Cases/Application - Login/Login - STA: Test Cases/Application - Login/Login - STA&#xD;
&#xD;
2019-08-15 09:31:11 - [TEST_STEP][PASSED] - openBrowser(""): Browser is opened with url: ''&#xD;
&#xD;
2019-08-15 09:31:12 - [MESSAGE][INFO] - Starting 'Chrome' driver&#xD;
&#xD;
2019-08-15 09:31:12 - [MESSAGE][INFO] - Action delay is set to 1 seconds&#xD;
&#xD;
2019-08-15 09:31:19 - [MESSAGE][PASSED] - Browser is opened with url: ''&#xD;
&#xD;
2019-08-15 09:31:19 - [TEST_STEP][PASSED] - navigateToUrl("https://bt.adzu4-staging.codeworldwide.com/#Admin/Materials/Templates"): Navigate to 'https://bt.adzu4-staging.codeworldwide.com/#Admin/Materials/Templates' successfully&#xD;
&#xD;
2019-08-15 09:31:21 - [MESSAGE][PASSED] - Navigate to 'https://bt.adzu4-staging.codeworldwide.com/#Admin/Materials/Templates' successfully&#xD;
&#xD;
2019-08-15 09:31:21 - [TEST_STEP][PASSED] - setText(findTestObject("Login/login_username"), "satinder.gandhi@codeworldwide.com"): Text 'satinder.gandhi@codeworldwide.com' is set on object 'Object Repository/Login/login_username'&#xD;
&#xD;
2019-08-15 09:31:27 - [MESSAGE][PASSED] - Text 'satinder.gandhi@codeworldwide.com' is set on object 'Object Repository/Login/login_username'&#xD;
&#xD;
2019-08-15 09:31:27 - [TEST_STEP][PASSED] - setEncryptedText(findTestObject("Login/login_password"), "yfq/9fVkW5+QvfzWq38qvg=="): Text ****** has been set on object 'Object Repository/Login/login_password'&#xD;
&#xD;
2019-08-15 09:31:31 - [MESSAGE][PASSED] - Text ****** has been set on object 'Object Repository/Login/login_password'&#xD;
&#xD;
2019-08-15 09:31:31 - [TEST_STEP][PASSED] - click(findTestObject("Object Repository/Test1/button_Login")): Object: 'Object Repository/Test1/button_Login' is clicked on&#xD;
&#xD;
2019-08-15 09:31:34 - [MESSAGE][PASSED] - Object: 'Object Repository/Test1/button_Login' is clicked on&#xD;
&#xD;
2019-08-15 09:31:34 - [TEST_STEP][PASSED] - maximizeWindow(): Current window maximized&#xD;
&#xD;
2019-08-15 09:31:36 - [MESSAGE][PASSED] - Current window maximized&#xD;
&#xD;
2019-08-15 09:31:36 - [TEST_STEP][PASSED] - verifyElementText(findTestObject("Login/span_Satinder"), "Satinder"): Actual text and expected text of test object 'Object Repository/Login/span_Satinder' are matched.&#xD;
&#xD;
2019-08-15 09:31:38 - [MESSAGE][PASSED] - Actual text and expected text of test object 'Object Repository/Login/span_Satinder' are matched.</system-out>
            <system-err></system-err>
        </testcase>
        <testcase name="Test Cases/Template Variables/Open Material and Template" classname="Test Cases/Template Variables/Open Material and Template" status="PASSED">
            <system-out>2019-08-15 09:31:41 - [TEST_CASE][PASSED] - Test Cases/Template Variables/Open Material and Template: Test Cases/Template Variables/Open Material and Template&#xD;
&#xD;
2019-08-15 09:31:41 - [TEST_STEP][PASSED] - waitForElementVisible(findTestObject("Main Menu/Create Menu/a_Create"), 1): Object 'Object Repository/Main Menu/Create Menu/a_Create' is visible&#xD;
&#xD;
2019-08-15 09:31:43 - [MESSAGE][PASSED] - Object 'Object Repository/Main Menu/Create Menu/a_Create' is visible&#xD;
&#xD;
2019-08-15 09:31:43 - [TEST_STEP][PASSED] - click(findTestObject("Main Menu/Create Menu/a_Create")): Object: 'Object Repository/Main Menu/Create Menu/a_Create' is clicked on&#xD;
&#xD;
2019-08-15 09:31:46 - [MESSAGE][PASSED] - Object: 'Object Repository/Main Menu/Create Menu/a_Create' is clicked on&#xD;
&#xD;
2019-08-15 09:31:46 - [TEST_STEP][PASSED] - waitForPageLoad(0): Wait for page load successfully&#xD;
&#xD;
2019-08-15 09:31:46 - [MESSAGE][WARNING] - Timeout '0' is invalid. Using default page load timeout: '30'&#xD;
&#xD;
2019-08-15 09:31:47 - [MESSAGE][PASSED] - Wait for page load successfully&#xD;
&#xD;
2019-08-15 09:31:47 - [TEST_STEP][PASSED] - click(findTestObject("Main Menu/Create Menu/span_Materials  Templates")): Object: 'Object Repository/Main Menu/Create Menu/span_Materials  Templates' is clicked on&#xD;
&#xD;
2019-08-15 09:31:49 - [MESSAGE][PASSED] - Object: 'Object Repository/Main Menu/Create Menu/span_Materials  Templates' is clicked on&#xD;
&#xD;
2019-08-15 09:31:49 - [TEST_STEP][PASSED] - waitForPageLoad(0): Wait for page load successfully&#xD;
&#xD;
2019-08-15 09:31:49 - [MESSAGE][WARNING] - Timeout '0' is invalid. Using default page load timeout: '30'&#xD;
&#xD;
2019-08-15 09:31:50 - [MESSAGE][PASSED] - Wait for page load successfully</system-out>
            <system-err></system-err>
        </testcase>
        <testcase name="Test Cases/Template Variables/Search Template Variables" classname="Test Cases/Template Variables/Search Template Variables" status="PASSED">
            <system-out>2019-08-15 09:31:52 - [TEST_CASE][PASSED] - Test Cases/Template Variables/Search Template Variables: Test Cases/Template Variables/Search Template Variables&#xD;
&#xD;
2019-08-15 09:31:53 - [TEST_STEP][PASSED] - delay(1): Delayed 1 second(s)&#xD;
&#xD;
2019-08-15 09:31:54 - [MESSAGE][PASSED] - Delayed 1 second(s)&#xD;
&#xD;
2019-08-15 09:31:54 - [TEST_STEP][PASSED] - click(findTestObject("Template_Variables/Search_TemplateVariables/Template_Variable_Filter_Toggle")): Object: 'Object Repository/Template_Variables/Search_TemplateVariables/Template_Variable_Filter_Toggle' is clicked on&#xD;
&#xD;
2019-08-15 09:31:56 - [MESSAGE][PASSED] - Object: 'Object Repository/Template_Variables/Search_TemplateVariables/Template_Variable_Filter_Toggle' is clicked on&#xD;
&#xD;
2019-08-15 09:31:56 - [TEST_STEP][PASSED] - delay(1): Delayed 1 second(s)&#xD;
&#xD;
2019-08-15 09:31:57 - [MESSAGE][PASSED] - Delayed 1 second(s)&#xD;
&#xD;
2019-08-15 09:31:57 - [TEST_STEP][PASSED] - setText(findTestObject("Template_Variables/Search_TemplateVariables/TemplateVariable_Filter_Text"), "Test123"): Text 'Test123' is set on object 'Object Repository/Template_Variables/Search_TemplateVariables/TemplateVariable_Filter_Text'&#xD;
&#xD;
2019-08-15 09:32:00 - [MESSAGE][PASSED] - Text 'Test123' is set on object 'Object Repository/Template_Variables/Search_TemplateVariables/TemplateVariable_Filter_Text'&#xD;
&#xD;
2019-08-15 09:32:00 - [TEST_STEP][PASSED] - delay(1): Delayed 1 second(s)&#xD;
&#xD;
2019-08-15 09:32:01 - [MESSAGE][PASSED] - Delayed 1 second(s)&#xD;
&#xD;
2019-08-15 09:32:01 - [TEST_STEP][PASSED] - click(findTestObject("Template_Variables/Search_TemplateVariables/Template_Variable_Hide_Button")): Object: 'Object Repository/Template_Variables/Search_TemplateVariables/Template_Variable_Hide_Button' is clicked on&#xD;
&#xD;
2019-08-15 09:32:04 - [MESSAGE][PASSED] - Object: 'Object Repository/Template_Variables/Search_TemplateVariables/Template_Variable_Hide_Button' is clicked on&#xD;
&#xD;
2019-08-15 09:32:04 - [TEST_STEP][PASSED] - delay(1): Delayed 1 second(s)&#xD;
&#xD;
2019-08-15 09:32:05 - [MESSAGE][PASSED] - Delayed 1 second(s)</system-out>
            <system-err></system-err>
        </testcase>
        <testcase name="Test Cases/Template Variables/Delete Template Variables" classname="Test Cases/Template Variables/Delete Template Variables" status="PASSED">
            <system-out>2019-08-15 09:32:07 - [TEST_CASE][PASSED] - Test Cases/Template Variables/Delete Template Variables: Test Cases/Template Variables/Delete Template Variables&#xD;
&#xD;
2019-08-15 09:32:07 - [TEST_STEP][PASSED] - delay(1): Delayed 1 second(s)&#xD;
&#xD;
2019-08-15 09:32:08 - [MESSAGE][PASSED] - Delayed 1 second(s)&#xD;
&#xD;
2019-08-15 09:32:08 - [TEST_STEP][PASSED] - click(findTestObject("Template_Variables/Delete_Template_Variables/Template_Variable_Action Menu")): Object: 'Object Repository/Template_Variables/Delete_Template_Variables/Template_Variable_Action Menu' is clicked on&#xD;
&#xD;
2019-08-15 09:32:11 - [MESSAGE][PASSED] - Object: 'Object Repository/Template_Variables/Delete_Template_Variables/Template_Variable_Action Menu' is clicked on&#xD;
&#xD;
2019-08-15 09:32:11 - [TEST_STEP][PASSED] - delay(1): Delayed 1 second(s)&#xD;
&#xD;
2019-08-15 09:32:12 - [MESSAGE][PASSED] - Delayed 1 second(s)&#xD;
&#xD;
2019-08-15 09:32:12 - [TEST_STEP][PASSED] - click(findTestObject("Template_Variables/Delete_Template_Variables/Template_Variable_Delete_Button")): Object: 'Object Repository/Template_Variables/Delete_Template_Variables/Template_Variable_Delete_Button' is clicked on&#xD;
&#xD;
2019-08-15 09:32:14 - [MESSAGE][PASSED] - Object: 'Object Repository/Template_Variables/Delete_Template_Variables/Template_Variable_Delete_Button' is clicked on&#xD;
&#xD;
2019-08-15 09:32:14 - [TEST_STEP][PASSED] - delay(1): Delayed 1 second(s)&#xD;
&#xD;
2019-08-15 09:32:15 - [MESSAGE][PASSED] - Delayed 1 second(s)&#xD;
&#xD;
2019-08-15 09:32:15 - [TEST_STEP][PASSED] - click(findTestObject("Template_Variables/Delete_Template_Variables/Template_Varibale_Ok_Button")): Object: 'Object Repository/Template_Variables/Delete_Template_Variables/Template_Varibale_Ok_Button' is clicked on&#xD;
&#xD;
2019-08-15 09:32:17 - [MESSAGE][PASSED] - Object: 'Object Repository/Template_Variables/Delete_Template_Variables/Template_Varibale_Ok_Button' is clicked on&#xD;
&#xD;
2019-08-15 09:32:17 - [TEST_STEP][PASSED] - True = verifyElementText(findTestObject("Template_Variables/Add_TemplateVariable/Grid_Name_FirstValue"), ""): Actual text and expected text of test object 'Object Repository/Template_Variables/Add_TemplateVariable/Grid_Name_FirstValue' are matched.&#xD;
&#xD;
2019-08-15 09:32:19 - [MESSAGE][PASSED] - Actual text and expected text of test object 'Object Repository/Template_Variables/Add_TemplateVariable/Grid_Name_FirstValue' are matched.</system-out>
            <system-err></system-err>
        </testcase>
        <system-out>2019-08-15 09:31:10 - [TEST_SUITE][INCOMPLETE] - Search and Delete Template Variable: null</system-out>
        <system-err>2019-08-15 09:31:10 - [TEST_SUITE][INCOMPLETE] - Search and Delete Template Variable: null</system-err>
    </testsuite>
</testsuites>
